#
# A fatal error has been detected by the Java Runtime Environment:
#
#  EXCEPTION_IN_PAGE_ERROR (0xc0000006) at pc=0x00007ffd766d8ff5, pid=31296, tid=30416
#
# JRE version: OpenJDK Runtime Environment Corretto-11.0.11.9.1 (11.0.11+9) (build 11.0.11+9-LTS)
# Java VM: OpenJDK 64-Bit Server VM Corretto-11.0.11.9.1 (11.0.11+9-LTS, mixed mode, tiered, compressed oops, g1 gc, windows-amd64)
# Problematic frame:
# C  [ntdll.dll+0x68ff5]
#
# No core dump will be written. Minidumps are not enabled by default on client versions of Windows
#
# If you would like to submit a bug report, please visit:
#   https://github.com/corretto/corretto-11/issues/
# The crash happened outside the Java Virtual Machine in native code.
# See problematic frame for where to report the bug.
#

---------------  S U M M A R Y ------------

Command Line: -XX:MaxMetaspaceSize=256m -XX:+HeapDumpOnOutOfMemoryError --add-opens=java.base/java.util=ALL-UNNAMED --add-opens=java.base/java.lang=ALL-UNNAMED --add-opens=java.base/java.lang.invoke=ALL-UNNAMED --add-opens=java.prefs/java.util.prefs=ALL-UNNAMED -Xms256m -Xmx512m -Dfile.encoding=GBK -Duser.country=US -Duser.language=en -Duser.variant org.gradle.launcher.daemon.bootstrap.GradleDaemon 6.8

Host: Intel(R) Core(TM) i7-9750H CPU @ 2.60GHz, 12 cores, 31G, Call to GetFileVersionInfoSize failed
Time: Sun Jul 18 13:19:38 2021 China Standard Time elapsed time: 351.738131 seconds (0d 0h 5m 51s)

---------------  T H R E A D  ---------------

Current thread (0x000001de8484e000):  JavaThread "Daemon periodic checks" [_thread_in_native, id=30416, stack(0x00000015b2700000,0x00000015b2800000)]

Stack: [0x00000015b2700000,0x00000015b2800000],  sp=0x00000015b27fbd88,  free space=1007k
Native frames: (J=compiled Java code, j=interpreted, Vv=VM code, C=native code)
C  [ntdll.dll+0x68ff5]

Java frames: (J=compiled Java code, j=interpreted, Vv=VM code)
J 7515  java.io.FileInputStream.readBytes([BII)I java.base@11.0.11 (0 bytes) @ 0x000001def7b1ff14 [0x000001def7b1fec0+0x0000000000000054]
J 9519 c1 java.io.FileInputStream.read([BII)I java.base@11.0.11 (8 bytes) @ 0x000001def16d16b4 [0x000001def16d1640+0x0000000000000074]
J 9162 c2 java.io.BufferedInputStream.fill()V java.base@11.0.11 (236 bytes) @ 0x000001def7c17388 [0x000001def7c17320+0x0000000000000068]
J 2229 c2 java.io.BufferedInputStream.read()I java.base@11.0.11 (49 bytes) @ 0x000001def775ee30 [0x000001def775ed40+0x00000000000000f0]
J 6154 c1 org.gradle.internal.serialize.InputStreamBackedDecoder.readBoolean()Z (8 bytes) @ 0x000001def0ef029c [0x000001def0ef0160+0x000000000000013c]
j  org.gradle.launcher.daemon.registry.DaemonRegistryContent$Serializer.read(Lorg/gradle/internal/serialize/Decoder;)Lorg/gradle/launcher/daemon/registry/DaemonRegistryContent;+1
j  org.gradle.launcher.daemon.registry.DaemonRegistryContent$Serializer.read(Lorg/gradle/internal/serialize/Decoder;)Ljava/lang/Object;+2
j  org.gradle.cache.internal.SimpleStateCache.deserialize()Ljava/lang/Object;+43
j  org.gradle.cache.internal.SimpleStateCache.access$000(Lorg/gradle/cache/internal/SimpleStateCache;)Ljava/lang/Object;+1
j  org.gradle.cache.internal.SimpleStateCache$1.create()Ljava/lang/Object;+4
J 10148 c1 org.gradle.cache.internal.DefaultFileLockManager$DefaultFileLock.readFile(Lorg/gradle/internal/Factory;)Ljava/lang/Object; (11 bytes) @ 0x000001def1860284 [0x000001def1860160+0x0000000000000124]
j  org.gradle.cache.internal.OnDemandFileAccess.readFile(Lorg/gradle/internal/Factory;)Ljava/lang/Object;+26
j  org.gradle.cache.internal.SimpleStateCache.get()Ljava/lang/Object;+12
j  org.gradle.cache.internal.FileIntegrityViolationSuppressingPersistentStateCacheDecorator.get()Ljava/lang/Object;+4
j  org.gradle.launcher.daemon.registry.PersistentDaemonRegistry.getAll()Ljava/util/List;+13
j  org.gradle.launcher.daemon.registry.PersistentDaemonRegistry.getDaemonsMatching(Lorg/gradle/api/specs/Spec;)Ljava/util/List;+18
j  org.gradle.launcher.daemon.registry.PersistentDaemonRegistry.getIdle()Ljava/util/List;+9
j  org.gradle.launcher.daemon.server.CompatibleDaemonExpirationStrategy.checkExpiration()Lorg/gradle/launcher/daemon/server/expiry/DaemonExpirationResult;+16
j  org.gradle.launcher.daemon.server.expiry.AllDaemonExpirationStrategy.checkExpiration()Lorg/gradle/launcher/daemon/server/expiry/DaemonExpirationResult;+47
j  org.gradle.launcher.daemon.server.expiry.AnyDaemonExpirationStrategy.checkExpiration()Lorg/gradle/launcher/daemon/server/expiry/DaemonExpirationResult;+43
j  org.gradle.launcher.daemon.server.MasterExpirationStrategy.checkExpiration()Lorg/gradle/launcher/daemon/server/expiry/DaemonExpirationResult;+4
j  org.gradle.launcher.daemon.server.Daemon$DaemonExpirationPeriodicCheck.run()V+16
J 10166 c1 org.gradle.internal.concurrent.ManagedExecutorImpl$1.run()V (57 bytes) @ 0x000001def1868f5c [0x000001def1868ce0+0x000000000000027c]
J 10266 c1 java.util.concurrent.Executors$RunnableAdapter.call()Ljava/lang/Object; java.base@11.0.11 (14 bytes) @ 0x000001def1897744 [0x000001def1897640+0x0000000000000104]
J 10195 c1 java.util.concurrent.FutureTask.runAndReset()Z java.base@11.0.11 (125 bytes) @ 0x000001def1873fd4 [0x000001def1873920+0x00000000000006b4]
J 10194 c1 java.util.concurrent.ScheduledThreadPoolExecutor$ScheduledFutureTask.run()V java.base@11.0.11 (57 bytes) @ 0x000001def1873124 [0x000001def1872f40+0x00000000000001e4]
j  java.util.concurrent.ThreadPoolExecutor.runWorker(Ljava/util/concurrent/ThreadPoolExecutor$Worker;)V+92 java.base@11.0.11
j  java.util.concurrent.ThreadPoolExecutor$Worker.run()V+5 java.base@11.0.11
j  org.gradle.internal.concurrent.ThreadFactoryImpl$ManagedThreadRunnable.run()V+7
j  java.lang.Thread.run()V+11 java.base@11.0.11
v  ~StubRoutines::call_stub

siginfo: EXCEPTION_IN_PAGE_ERROR (0xc0000006), reading address 0x000001de87b31f40


Register to memory mapping:

RIP=0x00007ffd766d8ff5 ntdll.dll
RAX=0x000001de87b29b5c points into unknown readable memory: 46 01 00 00
RBX=0x00000000000001b1 is an unknown value
RCX=0x000001de87b31f40 is an unknown value
RDX=0x0000000000000266 is an unknown value
RSP=0x00000015b27fbd88 is pointing into the stack for thread: 0x000001de8484e000
RBP=0x00000015b27fbf10 is pointing into the stack for thread: 0x000001de8484e000
RSI=0x00000015b27fbef8 is pointing into the stack for thread: 0x000001de8484e000
RDI=0x00007ffd73f50000 KERNELBASE.dll
R8 =0x000000000000006b is an unknown value
R9 =0x00000015b27fbef8 is pointing into the stack for thread: 0x000001de8484e000
R10=0x000001de87b29a08 points into unknown readable memory: 0x0000000000000283 | 83 02 00 00 00 00 00 00
R11=0x000001de87c1ecaf points into unknown readable memory: 00
R12=0x0000000000000100 is an unknown value
R13=0x0 is NULL
R14=0x000001de8cb3ab80 points into unknown readable memory: 0x000001dee7471000 | 00 10 47 e7 de 01 00 00
R15=0x00000000000001b1 is an unknown value


Registers:
RAX=0x000001de87b29b5c, RBX=0x00000000000001b1, RCX=0x000001de87b31f40, RDX=0x0000000000000266
RSP=0x00000015b27fbd88, RBP=0x00000015b27fbf10, RSI=0x00000015b27fbef8, RDI=0x00007ffd73f50000
R8 =0x000000000000006b, R9 =0x00000015b27fbef8, R10=0x000001de87b29a08, R11=0x000001de87c1ecaf
R12=0x0000000000000100, R13=0x0000000000000000, R14=0x000001de8cb3ab80, R15=0x00000000000001b1
RIP=0x00007ffd766d8ff5, EFLAGS=0x0000000000010212

Top of Stack: (sp=0x00000015b27fbd88)
0x00000015b27fbd88:   00007ffd766d8f94 00000015b27fbe30
0x00000015b27fbd98:   00000000000001b1 00000015b27fbf10
0x00000015b27fbda8:   00000015b27fbef8 00000015b27fbdc8
0x00000015b27fbdb8:   00007ffd7669b86b 00000000000f52a8
0x00000015b27fbdc8:   000001de87ae0510 000001de87b29a08
0x00000015b27fbdd8:   000000000000000b 0000000000000001
0x00000015b27fbde8:   0000000000000000 00000000000001b1
0x00000015b27fbdf8:   00004a7fd6eb918f 00007ffd73f50000
0x00000015b27fbe08:   00007ffd73f76929 000001dee5370324
0x00000015b27fbe18:   0000000000000000 0000000000000000
0x00000015b27fbe28:   000001dee5370cc0 00000015b27fbef8
0x00000015b27fbe38:   0000000000000000 0000000000000000
0x00000015b27fbe48:   0000000000000210 0000000000000200
0x00000015b27fbe58:   0000000000000002 000001dee51a0100
0x00000015b27fbe68:   00007ffd73f50000 0000020000000000
0x00000015b27fbe78:   00007ffd00000100 0000000000000000 

Instructions: (pc=0x00007ffd766d8ff5)
0x00007ffd766d8ef5:   00 00 c0 c3 cc cc cc cc cc cc cc 4c 8b dc 49 89
0x00007ffd766d8f05:   5b 10 49 89 73 18 57 48 83 ec 70 48 8b 05 f9 95
0x00007ffd766d8f15:   11 00 48 33 c4 48 89 44 24 68 48 8b b4 24 a0 00
0x00007ffd766d8f25:   00 00 48 8b f9 8b c2 49 8d 53 d0 41 8b d9 41 b9
0x00007ffd766d8f35:   40 00 00 00 49 89 43 d0 41 8b c0 49 89 43 e0 49
0x00007ffd766d8f45:   8d 43 c0 45 8d 41 c4 49 89 43 a8 49 c7 43 d8 01
0x00007ffd766d8f55:   00 00 00 49 89 5b e8 e8 6b ac fc ff 85 c0 78 2f
0x00007ffd766d8f65:   48 8b 54 24 38 4c 8d 4c 24 30 4c 8d 44 24 40 48
0x00007ffd766d8f75:   8b cf e8 84 85 fb ff 85 c0 78 14 8b 54 24 30 4c
0x00007ffd766d8f85:   8b ce 48 8b 4c 24 40 44 8b c3 e8 28 00 00 00 48
0x00007ffd766d8f95:   8b 4c 24 68 48 33 cc e8 9f 32 02 00 4c 8d 5c 24
0x00007ffd766d8fa5:   70 49 8b 5b 18 49 8b 73 20 49 8b e3 5f c3 cc cc
0x00007ffd766d8fb5:   cc cc cc cc cc cc cc 44 8d 5a ff 4c 8b d1 8b 11
0x00007ffd766d8fc5:   48 8d 41 04 4c 03 d9 eb 11 ff ca 44 3b 00 72 06
0x00007ffd766d8fd5:   44 3b 40 04 76 0f 48 83 c0 0c 85 d2 75 eb b8 09
0x00007ffd766d8fe5:   01 00 c0 c3 cc 8b 48 08 49 03 ca 44 2b 00 74 13
0x00007ffd766d8ff5:   0f b7 01 41 ff c8 48 03 c8 49 3b cb 77 e0 45 85
0x00007ffd766d9005:   c0 75 ed 49 89 09 33 c0 c3 cc cc cc cc cc cc cc
0x00007ffd766d9015:   cc cc cc 48 89 74 24 10 57 48 83 ec 20 41 8b f9
0x00007ffd766d9025:   49 8b f0 48 8b c2 48 85 c9 74 5f 48 85 c0 74 5a
0x00007ffd766d9035:   80 7c 24 50 00 75 16 45 33 c9 4c 8d 44 24 30 e8
0x00007ffd766d9045:   ff a7 fc ff 85 c0 78 2f 48 8b 44 24 30 80 7c 24
0x00007ffd766d9055:   50 00 4c 8d 40 04 8b 10 0f 85 dd 67 05 00 85 d2
0x00007ffd766d9065:   74 21 ff ca 41 3b 38 72 06 41 3b 78 04 76 06 49
0x00007ffd766d9075:   83 c0 0c eb e9 33 c0 48 8b 74 24 38 48 83 c4 20
0x00007ffd766d9085:   5f c3 cc b8 09 01 00 c0 eb ed b8 0d 00 00 c0 eb
0x00007ffd766d9095:   e6 cc cc cc cc cc cc cc cc cc cc 48 8b c1 4d 8b
0x00007ffd766d90a5:   c8 65 48 8b 0c 25 60 00 00 00 4c 8b c2 48 8b d0
0x00007ffd766d90b5:   48 8b 49 68 e9 06 00 00 00 cc cc cc cc cc cc 48
0x00007ffd766d90c5:   89 5c 24 08 48 89 6c 24 10 48 89 74 24 18 57 41
0x00007ffd766d90d5:   54 41 55 41 56 41 57 48 83 ec 40 0f b7 3a 33 db
0x00007ffd766d90e5:   4d 8b e1 4d 8b e8 4c 8b f9 40 8a eb 44 8a f3 44 


Stack slot to memory mapping:
stack at sp + 0 slots: 0x00007ffd766d8f94 ntdll.dll
stack at sp + 1 slots: 0x00000015b27fbe30 is pointing into the stack for thread: 0x000001de8484e000
stack at sp + 2 slots: 0x00000000000001b1 is an unknown value
stack at sp + 3 slots: 0x00000015b27fbf10 is pointing into the stack for thread: 0x000001de8484e000
stack at sp + 4 slots: 0x00000015b27fbef8 is pointing into the stack for thread: 0x000001de8484e000
stack at sp + 5 slots: 0x00000015b27fbdc8 is pointing into the stack for thread: 0x000001de8484e000
stack at sp + 6 slots: 0x00007ffd7669b86b ntdll.dll
stack at sp + 7 slots: 0x00000000000f52a8 is an unknown value


---------------  P R O C E S S  ---------------

Threads class SMR info:
_java_thread_list=0x000001de8b37cee0, length=61, elements={
0x000001dee7471000, 0x000001de83133000, 0x000001de83161800, 0x000001de839cc000,
0x000001de839cf000, 0x000001de839d0000, 0x000001de839d3800, 0x000001de839d4800,
0x000001de839df800, 0x000001de83b47000, 0x000001de86410800, 0x000001de83b52000,
0x000001de8484e000, 0x000001de854c5000, 0x000001de854c6000, 0x000001de854c1800,
0x000001de86cb8800, 0x000001de86cb9800, 0x000001de8732c000, 0x000001de87326800,
0x000001de8732e000, 0x000001de86cb7800, 0x000001de8732a800, 0x000001de87327800,
0x000001de8732b800, 0x000001de87328000, 0x000001de87331000, 0x000001de87332000,
0x000001de87333800, 0x000001de87334800, 0x000001de87332800, 0x000001de8732e800,
0x000001de87330800, 0x000001de8732f800, 0x000001de86cb2800, 0x000001de86cb3800,
0x000001de86cb4800, 0x000001de86cb5000, 0x000001de86caf800, 0x000001de86cb6000,
0x000001de86cb0800, 0x000001de86cb7000, 0x000001de86cb1000, 0x000001de86cb2000,
0x000001de86cbc800, 0x000001de86cbd800, 0x000001de86cbe000, 0x000001de86cba000,
0x000001de86cbb000, 0x000001de86cbb800, 0x000001de854c3800, 0x000001de854c6800,
0x000001de854c7800, 0x000001de854c8000, 0x000001de854c4000, 0x000001de8ac30800,
0x000001de8ac2e000, 0x000001de8ac2f000, 0x000001de8ac31800, 0x000001de8ac2b800,
0x000001de8ac35800
}

Java Threads: ( => current thread )
  0x000001dee7471000 JavaThread "main" [_thread_blocked, id=23880, stack(0x00000015b0d00000,0x00000015b0e00000)]
  0x000001de83133000 JavaThread "Reference Handler" daemon [_thread_blocked, id=27764, stack(0x00000015b1400000,0x00000015b1500000)]
  0x000001de83161800 JavaThread "Finalizer" daemon [_thread_blocked, id=26708, stack(0x00000015b1500000,0x00000015b1600000)]
  0x000001de839cc000 JavaThread "Signal Dispatcher" daemon [_thread_blocked, id=18652, stack(0x00000015b1600000,0x00000015b1700000)]
  0x000001de839cf000 JavaThread "Attach Listener" daemon [_thread_blocked, id=24940, stack(0x00000015b1700000,0x00000015b1800000)]
  0x000001de839d0000 JavaThread "Service Thread" daemon [_thread_blocked, id=6676, stack(0x00000015b1800000,0x00000015b1900000)]
  0x000001de839d3800 JavaThread "C2 CompilerThread0" daemon [_thread_blocked, id=8808, stack(0x00000015b1900000,0x00000015b1a00000)]
  0x000001de839d4800 JavaThread "C1 CompilerThread0" daemon [_thread_blocked, id=26176, stack(0x00000015b1a00000,0x00000015b1b00000)]
  0x000001de839df800 JavaThread "Sweeper thread" daemon [_thread_blocked, id=17636, stack(0x00000015b1b00000,0x00000015b1c00000)]
  0x000001de83b47000 JavaThread "Common-Cleaner" daemon [_thread_blocked, id=17224, stack(0x00000015b1c00000,0x00000015b1d00000)]
  0x000001de86410800 JavaThread "Daemon health stats" [_thread_blocked, id=33208, stack(0x00000015b2500000,0x00000015b2600000)]
  0x000001de83b52000 JavaThread "Incoming local TCP Connector on port 5424" [_thread_in_native, id=33200, stack(0x00000015b2600000,0x00000015b2700000)]
=>0x000001de8484e000 JavaThread "Daemon periodic checks" [_thread_in_native, id=30416, stack(0x00000015b2700000,0x00000015b2800000)]
  0x000001de854c5000 JavaThread "Cache worker for file hash cache (C:\Users\hanya\.gradle\caches\6.8\fileHashes)" [_thread_blocked, id=28820, stack(0x00000015b3000000,0x00000015b3100000)]
  0x000001de854c6000 JavaThread "File lock request listener" [_thread_in_native, id=19292, stack(0x00000015b3100000,0x00000015b3200000)]
  0x000001de854c1800 JavaThread "Cache worker for journal cache (C:\Users\hanya\.gradle\caches\journal-1)" [_thread_blocked, id=4696, stack(0x00000015b3800000,0x00000015b3900000)]
  0x000001de86cb8800 JavaThread "Cache worker for execution history cache (C:\Users\hanya\.gradle\caches\6.8\executionHistory)" [_thread_blocked, id=31060, stack(0x00000015b4f00000,0x00000015b5000000)]
  0x000001de86cb9800 JavaThread "Cache worker for file content cache (C:\Users\hanya\.gradle\caches\6.8\fileContent)" [_thread_blocked, id=22316, stack(0x00000015b5100000,0x00000015b5200000)]
  0x000001de8732c000 JavaThread "Memory manager" [_thread_blocked, id=25812, stack(0x00000015b5400000,0x00000015b5500000)]
  0x000001de87326800 JavaThread "Daemon Thread 2" [_thread_blocked, id=29980, stack(0x00000015b0a00000,0x00000015b0b00000)]
  0x000001de8732e000 JavaThread "Daemon worker Thread 2" [_thread_blocked, id=2308, stack(0x00000015b2800000,0x00000015b2900000)]
  0x000001de86cb7800 JavaThread "Cache worker for Java compile cache (C:\Users\hanya\.gradle\caches\6.8\javaCompile)" [_thread_blocked, id=16208, stack(0x00000015b5000000,0x00000015b5100000)]
  0x000001de8732a800 JavaThread "Handler for socket connection from /127.0.0.1:5424 to /127.0.0.1:10536" [_thread_in_native, id=11868, stack(0x00000015b0c00000,0x00000015b0d00000)]
  0x000001de87327800 JavaThread "Cancel handler" [_thread_blocked, id=30372, stack(0x00000015b1d00000,0x00000015b1e00000)]
  0x000001de8732b800 JavaThread "Asynchronous log dispatcher for DefaultDaemonConnection: socket connection from /127.0.0.1:5424 to /127.0.0.1:10536" [_thread_blocked, id=32700, stack(0x00000015b2400000,0x00000015b2500000)]
  0x000001de87328000 JavaThread "Stdin handler" [_thread_blocked, id=21540, stack(0x00000015b2900000,0x00000015b2a00000)]
  0x000001de87331000 JavaThread "Daemon client event forwarder" [_thread_blocked, id=13648, stack(0x00000015b2a00000,0x00000015b2b00000)]
  0x000001de87332000 JavaThread "Cache worker for file hash cache (D:\File\Course_File\Coures_File_Under_Sophomore_Sub\SummerProj\hms\back\simpleweb\.gradle\6.8\fileHashes)" [_thread_blocked, id=31848, stack(0x00000015b2c00000,0x00000015b2d00000)]
  0x000001de87333800 JavaThread "Cache worker for checksums cache (D:\File\Course_File\Coures_File_Under_Sophomore_Sub\SummerProj\hms\back\simpleweb\.gradle\checksums)" [_thread_blocked, id=27376, stack(0x00000015b2d00000,0x00000015b2e00000)]
  0x000001de87334800 JavaThread "Cache worker for cache directory md-supplier (C:\Users\hanya\.gradle\caches\6.8\md-supplier)" [_thread_blocked, id=33296, stack(0x00000015b2e00000,0x00000015b2f00000)]
  0x000001de87332800 JavaThread "Cache worker for cache directory md-rule (C:\Users\hanya\.gradle\caches\6.8\md-rule)" [_thread_blocked, id=24204, stack(0x00000015b2f00000,0x00000015b3000000)]
  0x000001de8732e800 JavaThread "Cache worker for Build Output Cleanup Cache (D:\File\Course_File\Coures_File_Under_Sophomore_Sub\SummerProj\hms\back\simpleweb\.gradle\buildOutputCleanup)" [_thread_blocked, id=24256, stack(0x00000015b3a00000,0x00000015b3b00000)]
  0x000001de87330800 JavaThread "Build operations" [_thread_blocked, id=11904, stack(0x00000015b3c00000,0x00000015b3d00000)]
  0x000001de8732f800 JavaThread "Execution worker for ':'" [_thread_blocked, id=9792, stack(0x00000015b3d00000,0x00000015b3e00000)]
  0x000001de86cb2800 JavaThread "Execution worker for ':' Thread 2" [_thread_blocked, id=8292, stack(0x00000015b3e00000,0x00000015b3f00000)]
  0x000001de86cb3800 JavaThread "Execution worker for ':' Thread 3" [_thread_blocked, id=30436, stack(0x00000015b3f00000,0x00000015b4000000)]
  0x000001de86cb4800 JavaThread "Execution worker for ':' Thread 4" [_thread_blocked, id=28808, stack(0x00000015b4000000,0x00000015b4100000)]
  0x000001de86cb5000 JavaThread "Execution worker for ':' Thread 5" [_thread_blocked, id=19780, stack(0x00000015b4100000,0x00000015b4200000)]
  0x000001de86caf800 JavaThread "Execution worker for ':' Thread 6" [_thread_blocked, id=32568, stack(0x00000015b4200000,0x00000015b4300000)]
  0x000001de86cb6000 JavaThread "Execution worker for ':' Thread 7" [_thread_blocked, id=4540, stack(0x00000015b4300000,0x00000015b4400000)]
  0x000001de86cb0800 JavaThread "Execution worker for ':' Thread 8" [_thread_blocked, id=19072, stack(0x00000015b4400000,0x00000015b4500000)]
  0x000001de86cb7000 JavaThread "Execution worker for ':' Thread 9" [_thread_blocked, id=24668, stack(0x00000015b4500000,0x00000015b4600000)]
  0x000001de86cb1000 JavaThread "Execution worker for ':' Thread 10" [_thread_blocked, id=4988, stack(0x00000015b4600000,0x00000015b4700000)]
  0x000001de86cb2000 JavaThread "Execution worker for ':' Thread 11" [_thread_blocked, id=32832, stack(0x00000015b4700000,0x00000015b4800000)]
  0x000001de86cbc800 JavaThread "Cache worker for execution history cache (D:\File\Course_File\Coures_File_Under_Sophomore_Sub\SummerProj\hms\back\simpleweb\.gradle\6.8\executionHistory)" [_thread_blocked, id=25564, stack(0x00000015b4800000,0x00000015b4900000)]
  0x000001de86cbd800 JavaThread "Build operations Thread 2" [_thread_blocked, id=13392, stack(0x00000015b4900000,0x00000015b4a00000)]
  0x000001de86cbe000 JavaThread "Build operations Thread 3" [_thread_blocked, id=11768, stack(0x00000015b4a00000,0x00000015b4b00000)]
  0x000001de86cba000 JavaThread "Build operations Thread 4" [_thread_blocked, id=26424, stack(0x00000015b4b00000,0x00000015b4c00000)]
  0x000001de86cbb000 JavaThread "Build operations Thread 5" [_thread_blocked, id=26884, stack(0x00000015b4c00000,0x00000015b4d00000)]
  0x000001de86cbb800 JavaThread "Build operations Thread 6" [_thread_blocked, id=29700, stack(0x00000015b4d00000,0x00000015b4e00000)]
  0x000001de854c3800 JavaThread "Build operations Thread 7" [_thread_blocked, id=32436, stack(0x00000015b4e00000,0x00000015b4f00000)]
  0x000001de854c6800 JavaThread "Build operations Thread 8" [_thread_blocked, id=10924, stack(0x00000015b5200000,0x00000015b5300000)]
  0x000001de854c7800 JavaThread "Build operations Thread 9" [_thread_blocked, id=8704, stack(0x00000015b5500000,0x00000015b5600000)]
  0x000001de854c8000 JavaThread "Build operations Thread 10" [_thread_blocked, id=30160, stack(0x00000015b5600000,0x00000015b5700000)]
  0x000001de854c4000 JavaThread "Build operations Thread 11" [_thread_blocked, id=21756, stack(0x00000015b5700000,0x00000015b5800000)]
  0x000001de8ac30800 JavaThread "ContainerBackgroundProcessor[StandardEngine[Tomcat]]" daemon [_thread_blocked, id=17256, stack(0x00000015b2b00000,0x00000015b2c00000)]
  0x000001de8ac2e000 JavaThread "http-bio-8888-Acceptor-0" daemon [_thread_in_native, id=25320, stack(0x00000015b3b00000,0x00000015b3c00000)]
  0x000001de8ac2f000 JavaThread "http-bio-8888-AsyncTimeout" daemon [_thread_blocked, id=2744, stack(0x00000015b5a00000,0x00000015b5b00000)]
  0x000001de8ac31800 JavaThread "ajp-bio-8009-Acceptor-0" daemon [_thread_in_native, id=17184, stack(0x00000015b5b00000,0x00000015b5c00000)]
  0x000001de8ac2b800 JavaThread "ajp-bio-8009-AsyncTimeout" daemon [_thread_blocked, id=32764, stack(0x00000015b5c00000,0x00000015b5d00000)]
  0x000001de8ac35800 JavaThread "TomcatPluginShutdownMonitor" [_thread_in_native, id=2668, stack(0x00000015b5d00000,0x00000015b5e00000)]

Other Threads:
  0x000001de83132800 VMThread "VM Thread" [stack: 0x00000015b1300000,0x00000015b1400000] [id=25020]
  0x000001de83b6d800 WatcherThread [stack: 0x00000015b1e00000,0x00000015b1f00000] [id=24968]
  0x000001dee748a800 GCTaskThread "GC Thread#0" [stack: 0x00000015b0e00000,0x00000015b0f00000] [id=5808]
  0x000001de84624800 GCTaskThread "GC Thread#1" [stack: 0x00000015b1f00000,0x00000015b2000000] [id=25052]
  0x000001de846bf000 GCTaskThread "GC Thread#2" [stack: 0x00000015b2000000,0x00000015b2100000] [id=20644]
  0x000001de846c0000 GCTaskThread "GC Thread#3" [stack: 0x00000015b2100000,0x00000015b2200000] [id=21700]
  0x000001de846b1800 GCTaskThread "GC Thread#4" [stack: 0x00000015b2200000,0x00000015b2300000] [id=25472]
  0x000001de846b2000 GCTaskThread "GC Thread#5" [stack: 0x00000015b2300000,0x00000015b2400000] [id=20836]
  0x000001de86662800 GCTaskThread "GC Thread#6" [stack: 0x00000015b3200000,0x00000015b3300000] [id=30104]
  0x000001de85bf4800 GCTaskThread "GC Thread#7" [stack: 0x00000015b3300000,0x00000015b3400000] [id=30248]
  0x000001de857fe800 GCTaskThread "GC Thread#8" [stack: 0x00000015b3400000,0x00000015b3500000] [id=26588]
  0x000001de86bdb000 GCTaskThread "GC Thread#9" [stack: 0x00000015b3500000,0x00000015b3600000] [id=4048]
  0x000001dee749b800 ConcurrentGCThread "G1 Main Marker" [stack: 0x00000015b0f00000,0x00000015b1000000] [id=4596]
  0x000001dee749e000 ConcurrentGCThread "G1 Conc#0" [stack: 0x00000015b1000000,0x00000015b1100000] [id=27348]
  0x000001de8468b800 ConcurrentGCThread "G1 Conc#1" [stack: 0x00000015b3600000,0x00000015b3700000] [id=16548]
  0x000001de84a25000 ConcurrentGCThread "G1 Conc#2" [stack: 0x00000015b3700000,0x00000015b3800000] [id=24936]
  0x000001dee754d800 ConcurrentGCThread "G1 Refine#0" [stack: 0x00000015b1100000,0x00000015b1200000] [id=30204]
  0x000001de8b03d800 ConcurrentGCThread "G1 Refine#1" [stack: 0x00000015b5300000,0x00000015b5400000] [id=25604]
  0x000001de82fca800 ConcurrentGCThread "G1 Young RemSet Sampling" [stack: 0x00000015b1200000,0x00000015b1300000] [id=30476]

Threads with active compile tasks:

VM state:not at safepoint (normal execution)

VM Mutex/Monitor currently owned by a thread: None

Heap address: 0x00000000e0000000, size: 512 MB, Compressed Oops mode: 32-bit
Narrow klass base: 0x0000000000000000, Narrow klass shift: 3
Compressed class space size: 260046848 Address: 0x0000000100000000

Heap:
 garbage-first heap   total 262144K, used 190148K [0x00000000e0000000, 0x0000000100000000)
  region size 1024K, 88 young (90112K), 6 survivors (6144K)
 Metaspace       used 89533K, capacity 92746K, committed 93056K, reserved 335872K
  class space    used 11271K, capacity 12351K, committed 12416K, reserved 253952K
Heap Regions: E=young(eden), S=young(survivor), O=old, HS=humongous(starts), HC=humongous(continues), CS=collection set, F=free, A=archive, TAMS=top-at-mark-start (previous, next)
|   0|0x00000000e0000000, 0x00000000e0100000, 0x00000000e0100000|100%| O|  |TAMS 0x00000000e0100000, 0x00000000e0000000| Untracked 
|   1|0x00000000e0100000, 0x00000000e0200000, 0x00000000e0200000|100%| O|  |TAMS 0x00000000e0200000, 0x00000000e0100000| Untracked 
|   2|0x00000000e0200000, 0x00000000e0300000, 0x00000000e0300000|100%| O|  |TAMS 0x00000000e0300000, 0x00000000e0200000| Untracked 
|   3|0x00000000e0300000, 0x00000000e0400000, 0x00000000e0400000|100%|HS|  |TAMS 0x00000000e0400000, 0x00000000e0300000| Complete 
|   4|0x00000000e0400000, 0x00000000e0500000, 0x00000000e0500000|100%|HC|  |TAMS 0x00000000e0500000, 0x00000000e0400000| Complete 
|   5|0x00000000e0500000, 0x00000000e0600000, 0x00000000e0600000|100%|HC|  |TAMS 0x00000000e0600000, 0x00000000e0500000| Complete 
|   6|0x00000000e0600000, 0x00000000e0700000, 0x00000000e0700000|100%| O|  |TAMS 0x00000000e0700000, 0x00000000e0600000| Untracked 
|   7|0x00000000e0700000, 0x00000000e0800000, 0x00000000e0800000|100%| O|  |TAMS 0x00000000e0800000, 0x00000000e0700000| Untracked 
|   8|0x00000000e0800000, 0x00000000e0900000, 0x00000000e0900000|100%| O|  |TAMS 0x00000000e0900000, 0x00000000e0800000| Untracked 
|   9|0x00000000e0900000, 0x00000000e0a00000, 0x00000000e0a00000|100%| O|  |TAMS 0x00000000e0a00000, 0x00000000e0900000| Untracked 
|  10|0x00000000e0a00000, 0x00000000e0b00000, 0x00000000e0b00000|100%| O|  |TAMS 0x00000000e0b00000, 0x00000000e0a00000| Untracked 
|  11|0x00000000e0b00000, 0x00000000e0c00000, 0x00000000e0c00000|100%| O|  |TAMS 0x00000000e0c00000, 0x00000000e0b00000| Untracked 
|  12|0x00000000e0c00000, 0x00000000e0d00000, 0x00000000e0d00000|100%| O|  |TAMS 0x00000000e0d00000, 0x00000000e0c00000| Untracked 
|  13|0x00000000e0d00000, 0x00000000e0e00000, 0x00000000e0e00000|100%| O|  |TAMS 0x00000000e0e00000, 0x00000000e0d00000| Untracked 
|  14|0x00000000e0e00000, 0x00000000e0f00000, 0x00000000e0f00000|100%| O|  |TAMS 0x00000000e0f00000, 0x00000000e0e00000| Untracked 
|  15|0x00000000e0f00000, 0x00000000e1000000, 0x00000000e1000000|100%| O|  |TAMS 0x00000000e1000000, 0x00000000e0f00000| Untracked 
|  16|0x00000000e1000000, 0x00000000e1100000, 0x00000000e1100000|100%|HS|  |TAMS 0x00000000e1100000, 0x00000000e1000000| Complete 
|  17|0x00000000e1100000, 0x00000000e1200000, 0x00000000e1200000|100%|HC|  |TAMS 0x00000000e1200000, 0x00000000e1100000| Complete 
|  18|0x00000000e1200000, 0x00000000e1300000, 0x00000000e1300000|100%|HC|  |TAMS 0x00000000e1300000, 0x00000000e1200000| Complete 
|  19|0x00000000e1300000, 0x00000000e1400000, 0x00000000e1400000|100%|HC|  |TAMS 0x00000000e1400000, 0x00000000e1300000| Complete 
|  20|0x00000000e1400000, 0x00000000e1500000, 0x00000000e1500000|100%|HC|  |TAMS 0x00000000e1500000, 0x00000000e1400000| Complete 
|  21|0x00000000e1500000, 0x00000000e1600000, 0x00000000e1600000|100%|HS|  |TAMS 0x00000000e1600000, 0x00000000e1500000| Complete 
|  22|0x00000000e1600000, 0x00000000e1700000, 0x00000000e1700000|100%|HC|  |TAMS 0x00000000e1700000, 0x00000000e1600000| Complete 
|  23|0x00000000e1700000, 0x00000000e1800000, 0x00000000e1800000|100%|HC|  |TAMS 0x00000000e1800000, 0x00000000e1700000| Complete 
|  24|0x00000000e1800000, 0x00000000e1900000, 0x00000000e1900000|100%|HC|  |TAMS 0x00000000e1900000, 0x00000000e1800000| Complete 
|  25|0x00000000e1900000, 0x00000000e1a00000, 0x00000000e1a00000|100%| O|  |TAMS 0x00000000e1a00000, 0x00000000e1900000| Untracked 
|  26|0x00000000e1a00000, 0x00000000e1b00000, 0x00000000e1b00000|100%| O|  |TAMS 0x00000000e1b00000, 0x00000000e1a00000| Untracked 
|  27|0x00000000e1b00000, 0x00000000e1c00000, 0x00000000e1c00000|100%| O|  |TAMS 0x00000000e1c00000, 0x00000000e1b00000| Untracked 
|  28|0x00000000e1c00000, 0x00000000e1d00000, 0x00000000e1d00000|100%|HS|  |TAMS 0x00000000e1d00000, 0x00000000e1c00000| Complete 
|  29|0x00000000e1d00000, 0x00000000e1e00000, 0x00000000e1e00000|100%|HC|  |TAMS 0x00000000e1e00000, 0x00000000e1d00000| Complete 
|  30|0x00000000e1e00000, 0x00000000e1f00000, 0x00000000e1f00000|100%|HC|  |TAMS 0x00000000e1f00000, 0x00000000e1e00000| Complete 
|  31|0x00000000e1f00000, 0x00000000e2000000, 0x00000000e2000000|100%|HC|  |TAMS 0x00000000e2000000, 0x00000000e1f00000| Complete 
|  32|0x00000000e2000000, 0x00000000e2100000, 0x00000000e2100000|100%|HC|  |TAMS 0x00000000e2100000, 0x00000000e2000000| Complete 
|  33|0x00000000e2100000, 0x00000000e2200000, 0x00000000e2200000|100%| O|  |TAMS 0x00000000e2200000, 0x00000000e2100000| Untracked 
|  34|0x00000000e2200000, 0x00000000e2300000, 0x00000000e2300000|100%|HS|  |TAMS 0x00000000e2300000, 0x00000000e2200000| Complete 
|  35|0x00000000e2300000, 0x00000000e2400000, 0x00000000e2400000|100%|HC|  |TAMS 0x00000000e2400000, 0x00000000e2300000| Complete 
|  36|0x00000000e2400000, 0x00000000e2500000, 0x00000000e2500000|100%|HC|  |TAMS 0x00000000e2500000, 0x00000000e2400000| Complete 
|  37|0x00000000e2500000, 0x00000000e2600000, 0x00000000e2600000|100%|HC|  |TAMS 0x00000000e2600000, 0x00000000e2500000| Complete 
|  38|0x00000000e2600000, 0x00000000e2700000, 0x00000000e2700000|100%| O|  |TAMS 0x00000000e2700000, 0x00000000e2600000| Untracked 
|  39|0x00000000e2700000, 0x00000000e2800000, 0x00000000e2800000|100%| O|  |TAMS 0x00000000e2800000, 0x00000000e2700000| Untracked 
|  40|0x00000000e2800000, 0x00000000e2900000, 0x00000000e2900000|100%| O|  |TAMS 0x00000000e2900000, 0x00000000e2800000| Untracked 
|  41|0x00000000e2900000, 0x00000000e2a00000, 0x00000000e2a00000|100%| O|  |TAMS 0x00000000e2a00000, 0x00000000e2900000| Untracked 
|  42|0x00000000e2a00000, 0x00000000e2b00000, 0x00000000e2b00000|100%| O|  |TAMS 0x00000000e2b00000, 0x00000000e2a00000| Untracked 
|  43|0x00000000e2b00000, 0x00000000e2c00000, 0x00000000e2c00000|100%| O|  |TAMS 0x00000000e2c00000, 0x00000000e2b00000| Untracked 
|  44|0x00000000e2c00000, 0x00000000e2d00000, 0x00000000e2d00000|100%| O|  |TAMS 0x00000000e2d00000, 0x00000000e2c00000| Untracked 
|  45|0x00000000e2d00000, 0x00000000e2e00000, 0x00000000e2e00000|100%| O|  |TAMS 0x00000000e2e00000, 0x00000000e2d00000| Untracked 
|  46|0x00000000e2e00000, 0x00000000e2f00000, 0x00000000e2f00000|100%| O|  |TAMS 0x00000000e2f00000, 0x00000000e2e00000| Untracked 
|  47|0x00000000e2f00000, 0x00000000e3000000, 0x00000000e3000000|100%| O|  |TAMS 0x00000000e3000000, 0x00000000e2f00000| Untracked 
|  48|0x00000000e3000000, 0x00000000e3100000, 0x00000000e3100000|100%| O|  |TAMS 0x00000000e3100000, 0x00000000e3000000| Untracked 
|  49|0x00000000e3100000, 0x00000000e3200000, 0x00000000e3200000|100%| O|  |TAMS 0x00000000e3200000, 0x00000000e3100000| Untracked 
|  50|0x00000000e3200000, 0x00000000e3300000, 0x00000000e3300000|100%| O|  |TAMS 0x00000000e3300000, 0x00000000e3200000| Untracked 
|  51|0x00000000e3300000, 0x00000000e3400000, 0x00000000e3400000|100%| O|  |TAMS 0x00000000e339f800, 0x00000000e3300000| Untracked 
|  52|0x00000000e3400000, 0x00000000e3500000, 0x00000000e3500000|100%|HS|  |TAMS 0x00000000e3500000, 0x00000000e3400000| Complete 
|  53|0x00000000e3500000, 0x00000000e3600000, 0x00000000e3600000|100%|HC|  |TAMS 0x00000000e3600000, 0x00000000e3500000| Complete 
|  54|0x00000000e3600000, 0x00000000e3700000, 0x00000000e3700000|100%|HC|  |TAMS 0x00000000e3700000, 0x00000000e3600000| Complete 
|  55|0x00000000e3700000, 0x00000000e3800000, 0x00000000e3800000|100%|HC|  |TAMS 0x00000000e3800000, 0x00000000e3700000| Complete 
|  56|0x00000000e3800000, 0x00000000e3900000, 0x00000000e3900000|100%|HC|  |TAMS 0x00000000e3900000, 0x00000000e3800000| Complete 
|  57|0x00000000e3900000, 0x00000000e3a00000, 0x00000000e3a00000|100%|HS|  |TAMS 0x00000000e3a00000, 0x00000000e3900000| Complete 
|  58|0x00000000e3a00000, 0x00000000e3b00000, 0x00000000e3b00000|100%|HC|  |TAMS 0x00000000e3b00000, 0x00000000e3a00000| Complete 
|  59|0x00000000e3b00000, 0x00000000e3c00000, 0x00000000e3c00000|100%|HC|  |TAMS 0x00000000e3c00000, 0x00000000e3b00000| Complete 
|  60|0x00000000e3c00000, 0x00000000e3d00000, 0x00000000e3d00000|100%|HC|  |TAMS 0x00000000e3d00000, 0x00000000e3c00000| Complete 
|  61|0x00000000e3d00000, 0x00000000e3e00000, 0x00000000e3e00000|100%| O|  |TAMS 0x00000000e3d00000, 0x00000000e3d00000| Untracked 
|  62|0x00000000e3e00000, 0x00000000e3f00000, 0x00000000e3f00000|100%| O|  |TAMS 0x00000000e3e00000, 0x00000000e3e00000| Untracked 
|  63|0x00000000e3f00000, 0x00000000e4000000, 0x00000000e4000000|100%| O|  |TAMS 0x00000000e3f00000, 0x00000000e3f00000| Untracked 
|  64|0x00000000e4000000, 0x00000000e4100000, 0x00000000e4100000|100%| O|  |TAMS 0x00000000e4000000, 0x00000000e4000000| Untracked 
|  65|0x00000000e4100000, 0x00000000e4200000, 0x00000000e4200000|100%| O|  |TAMS 0x00000000e4100000, 0x00000000e4100000| Untracked 
|  66|0x00000000e4200000, 0x00000000e4300000, 0x00000000e4300000|100%| O|  |TAMS 0x00000000e4200000, 0x00000000e4200000| Untracked 
|  67|0x00000000e4300000, 0x00000000e4400000, 0x00000000e4400000|100%| O|  |TAMS 0x00000000e4300000, 0x00000000e4300000| Untracked 
|  68|0x00000000e4400000, 0x00000000e4500000, 0x00000000e4500000|100%| O|  |TAMS 0x00000000e4400000, 0x00000000e4400000| Untracked 
|  69|0x00000000e4500000, 0x00000000e4600000, 0x00000000e4600000|100%| O|  |TAMS 0x00000000e4500000, 0x00000000e4500000| Untracked 
|  70|0x00000000e4600000, 0x00000000e4700000, 0x00000000e4700000|100%| O|  |TAMS 0x00000000e4600000, 0x00000000e4600000| Untracked 
|  71|0x00000000e4700000, 0x00000000e4800000, 0x00000000e4800000|100%| O|  |TAMS 0x00000000e4700000, 0x00000000e4700000| Untracked 
|  72|0x00000000e4800000, 0x00000000e4900000, 0x00000000e4900000|100%| O|  |TAMS 0x00000000e4800000, 0x00000000e4800000| Untracked 
|  73|0x00000000e4900000, 0x00000000e4a00000, 0x00000000e4a00000|100%| O|  |TAMS 0x00000000e4900000, 0x00000000e4900000| Untracked 
|  74|0x00000000e4a00000, 0x00000000e4b00000, 0x00000000e4b00000|100%| O|  |TAMS 0x00000000e4a00000, 0x00000000e4a00000| Untracked 
|  75|0x00000000e4b00000, 0x00000000e4c00000, 0x00000000e4c00000|100%| O|  |TAMS 0x00000000e4b00000, 0x00000000e4b00000| Untracked 
|  76|0x00000000e4c00000, 0x00000000e4d00000, 0x00000000e4d00000|100%| O|  |TAMS 0x00000000e4c00000, 0x00000000e4c00000| Untracked 
|  77|0x00000000e4d00000, 0x00000000e4e00000, 0x00000000e4e00000|100%| O|  |TAMS 0x00000000e4d00000, 0x00000000e4d00000| Untracked 
|  78|0x00000000e4e00000, 0x00000000e4f00000, 0x00000000e4f00000|100%| O|  |TAMS 0x00000000e4e00000, 0x00000000e4e00000| Untracked 
|  79|0x00000000e4f00000, 0x00000000e5000000, 0x00000000e5000000|100%| O|  |TAMS 0x00000000e4f00000, 0x00000000e4f00000| Untracked 
|  80|0x00000000e5000000, 0x00000000e5100000, 0x00000000e5100000|100%| O|  |TAMS 0x00000000e5000000, 0x00000000e5000000| Untracked 
|  81|0x00000000e5100000, 0x00000000e5200000, 0x00000000e5200000|100%| O|  |TAMS 0x00000000e5100000, 0x00000000e5100000| Untracked 
|  82|0x00000000e5200000, 0x00000000e5300000, 0x00000000e5300000|100%| O|  |TAMS 0x00000000e5200000, 0x00000000e5200000| Untracked 
|  83|0x00000000e5300000, 0x00000000e5400000, 0x00000000e5400000|100%| O|  |TAMS 0x00000000e5300000, 0x00000000e5300000| Untracked 
|  84|0x00000000e5400000, 0x00000000e5500000, 0x00000000e5500000|100%| O|  |TAMS 0x00000000e5400000, 0x00000000e5400000| Untracked 
|  85|0x00000000e5500000, 0x00000000e5600000, 0x00000000e5600000|100%| O|  |TAMS 0x00000000e5500000, 0x00000000e5500000| Untracked 
|  86|0x00000000e5600000, 0x00000000e5700000, 0x00000000e5700000|100%| O|  |TAMS 0x00000000e5600000, 0x00000000e5600000| Untracked 
|  87|0x00000000e5700000, 0x00000000e5800000, 0x00000000e5800000|100%| O|  |TAMS 0x00000000e5700000, 0x00000000e5700000| Untracked 
|  88|0x00000000e5800000, 0x00000000e5900000, 0x00000000e5900000|100%| O|  |TAMS 0x00000000e5800000, 0x00000000e5800000| Untracked 
|  89|0x00000000e5900000, 0x00000000e5a00000, 0x00000000e5a00000|100%| O|  |TAMS 0x00000000e5900000, 0x00000000e5900000| Untracked 
|  90|0x00000000e5a00000, 0x00000000e5b00000, 0x00000000e5b00000|100%| O|  |TAMS 0x00000000e5a00000, 0x00000000e5a00000| Untracked 
|  91|0x00000000e5b00000, 0x00000000e5c00000, 0x00000000e5c00000|100%| O|  |TAMS 0x00000000e5b00000, 0x00000000e5b00000| Untracked 
|  92|0x00000000e5c00000, 0x00000000e5d00000, 0x00000000e5d00000|100%| O|  |TAMS 0x00000000e5c00000, 0x00000000e5c00000| Untracked 
|  93|0x00000000e5d00000, 0x00000000e5e00000, 0x00000000e5e00000|100%| O|  |TAMS 0x00000000e5d00000, 0x00000000e5d00000| Untracked 
|  94|0x00000000e5e00000, 0x00000000e5f00000, 0x00000000e5f00000|100%| O|  |TAMS 0x00000000e5e00000, 0x00000000e5e00000| Untracked 
|  95|0x00000000e5f00000, 0x00000000e6000000, 0x00000000e6000000|100%| O|  |TAMS 0x00000000e5f00000, 0x00000000e5f00000| Untracked 
|  96|0x00000000e6000000, 0x00000000e6100000, 0x00000000e6100000|100%| O|  |TAMS 0x00000000e6000000, 0x00000000e6000000| Untracked 
|  97|0x00000000e6100000, 0x00000000e6200000, 0x00000000e6200000|100%| O|  |TAMS 0x00000000e6100000, 0x00000000e6100000| Untracked 
|  98|0x00000000e6200000, 0x00000000e6300000, 0x00000000e6300000|100%| O|  |TAMS 0x00000000e6200000, 0x00000000e6200000| Untracked 
|  99|0x00000000e6300000, 0x00000000e63a2a00, 0x00000000e6400000| 63%| O|  |TAMS 0x00000000e6300000, 0x00000000e6300000| Untracked 
| 100|0x00000000e6400000, 0x00000000e6400000, 0x00000000e6500000|  0%| F|  |TAMS 0x00000000e6400000, 0x00000000e6400000| Untracked 
| 101|0x00000000e6500000, 0x00000000e6500000, 0x00000000e6600000|  0%| F|  |TAMS 0x00000000e6500000, 0x00000000e6500000| Untracked 
| 102|0x00000000e6600000, 0x00000000e6600000, 0x00000000e6700000|  0%| F|  |TAMS 0x00000000e6600000, 0x00000000e6600000| Untracked 
| 103|0x00000000e6700000, 0x00000000e6700000, 0x00000000e6800000|  0%| F|  |TAMS 0x00000000e6700000, 0x00000000e6700000| Untracked 
| 104|0x00000000e6800000, 0x00000000e6800000, 0x00000000e6900000|  0%| F|  |TAMS 0x00000000e6800000, 0x00000000e6800000| Untracked 
| 105|0x00000000e6900000, 0x00000000e6900000, 0x00000000e6a00000|  0%| F|  |TAMS 0x00000000e6900000, 0x00000000e6900000| Untracked 
| 106|0x00000000e6a00000, 0x00000000e6a00000, 0x00000000e6b00000|  0%| F|  |TAMS 0x00000000e6a00000, 0x00000000e6a00000| Untracked 
| 107|0x00000000e6b00000, 0x00000000e6b00000, 0x00000000e6c00000|  0%| F|  |TAMS 0x00000000e6b00000, 0x00000000e6b00000| Untracked 
| 108|0x00000000e6c00000, 0x00000000e6c00000, 0x00000000e6d00000|  0%| F|  |TAMS 0x00000000e6c00000, 0x00000000e6c00000| Untracked 
| 109|0x00000000e6d00000, 0x00000000e6d00000, 0x00000000e6e00000|  0%| F|  |TAMS 0x00000000e6d00000, 0x00000000e6d00000| Untracked 
| 110|0x00000000e6e00000, 0x00000000e6e00000, 0x00000000e6f00000|  0%| F|  |TAMS 0x00000000e6e00000, 0x00000000e6e00000| Untracked 
| 111|0x00000000e6f00000, 0x00000000e6f00000, 0x00000000e7000000|  0%| F|  |TAMS 0x00000000e6f00000, 0x00000000e6f00000| Untracked 
| 112|0x00000000e7000000, 0x00000000e7000000, 0x00000000e7100000|  0%| F|  |TAMS 0x00000000e7000000, 0x00000000e7000000| Untracked 
| 113|0x00000000e7100000, 0x00000000e7100000, 0x00000000e7200000|  0%| F|  |TAMS 0x00000000e7100000, 0x00000000e7100000| Untracked 
| 114|0x00000000e7200000, 0x00000000e7200000, 0x00000000e7300000|  0%| F|  |TAMS 0x00000000e7200000, 0x00000000e7200000| Untracked 
| 115|0x00000000e7300000, 0x00000000e7300000, 0x00000000e7400000|  0%| F|  |TAMS 0x00000000e7300000, 0x00000000e7300000| Untracked 
| 116|0x00000000e7400000, 0x00000000e7400000, 0x00000000e7500000|  0%| F|  |TAMS 0x00000000e7400000, 0x00000000e7400000| Untracked 
| 117|0x00000000e7500000, 0x00000000e7500000, 0x00000000e7600000|  0%| F|  |TAMS 0x00000000e7500000, 0x00000000e7500000| Untracked 
| 118|0x00000000e7600000, 0x00000000e7600000, 0x00000000e7700000|  0%| F|  |TAMS 0x00000000e7600000, 0x00000000e7600000| Untracked 
| 119|0x00000000e7700000, 0x00000000e7700000, 0x00000000e7800000|  0%| F|  |TAMS 0x00000000e7700000, 0x00000000e7700000| Untracked 
| 120|0x00000000e7800000, 0x00000000e7800000, 0x00000000e7900000|  0%| F|  |TAMS 0x00000000e7800000, 0x00000000e7800000| Untracked 
| 121|0x00000000e7900000, 0x00000000e7900000, 0x00000000e7a00000|  0%| F|  |TAMS 0x00000000e7900000, 0x00000000e7900000| Untracked 
| 122|0x00000000e7a00000, 0x00000000e7a00000, 0x00000000e7b00000|  0%| F|  |TAMS 0x00000000e7a00000, 0x00000000e7a00000| Untracked 
| 123|0x00000000e7b00000, 0x00000000e7b00000, 0x00000000e7c00000|  0%| F|  |TAMS 0x00000000e7b00000, 0x00000000e7b00000| Untracked 
| 124|0x00000000e7c00000, 0x00000000e7c00000, 0x00000000e7d00000|  0%| F|  |TAMS 0x00000000e7c00000, 0x00000000e7c00000| Untracked 
| 125|0x00000000e7d00000, 0x00000000e7d00000, 0x00000000e7e00000|  0%| F|  |TAMS 0x00000000e7d00000, 0x00000000e7d00000| Untracked 
| 126|0x00000000e7e00000, 0x00000000e7e00000, 0x00000000e7f00000|  0%| F|  |TAMS 0x00000000e7e00000, 0x00000000e7e00000| Untracked 
| 127|0x00000000e7f00000, 0x00000000e7f00000, 0x00000000e8000000|  0%| F|  |TAMS 0x00000000e7f00000, 0x00000000e7f00000| Untracked 
| 128|0x00000000e8000000, 0x00000000e8000000, 0x00000000e8100000|  0%| F|  |TAMS 0x00000000e8000000, 0x00000000e8000000| Untracked 
| 129|0x00000000e8100000, 0x00000000e8100000, 0x00000000e8200000|  0%| F|  |TAMS 0x00000000e8100000, 0x00000000e8100000| Untracked 
| 130|0x00000000e8200000, 0x00000000e8200000, 0x00000000e8300000|  0%| F|  |TAMS 0x00000000e8200000, 0x00000000e8200000| Untracked 
| 131|0x00000000e8300000, 0x00000000e8300000, 0x00000000e8400000|  0%| F|  |TAMS 0x00000000e8300000, 0x00000000e8300000| Untracked 
| 132|0x00000000e8400000, 0x00000000e8400000, 0x00000000e8500000|  0%| F|  |TAMS 0x00000000e8400000, 0x00000000e8400000| Untracked 
| 133|0x00000000e8500000, 0x00000000e8500000, 0x00000000e8600000|  0%| F|  |TAMS 0x00000000e8500000, 0x00000000e8500000| Untracked 
| 134|0x00000000e8600000, 0x00000000e8600000, 0x00000000e8700000|  0%| F|  |TAMS 0x00000000e8600000, 0x00000000e8600000| Untracked 
| 135|0x00000000e8700000, 0x00000000e8700000, 0x00000000e8800000|  0%| F|  |TAMS 0x00000000e8700000, 0x00000000e8700000| Untracked 
| 136|0x00000000e8800000, 0x00000000e8800000, 0x00000000e8900000|  0%| F|  |TAMS 0x00000000e8800000, 0x00000000e8800000| Untracked 
| 137|0x00000000e8900000, 0x00000000e8900000, 0x00000000e8a00000|  0%| F|  |TAMS 0x00000000e8900000, 0x00000000e8900000| Untracked 
| 138|0x00000000e8a00000, 0x00000000e8a00000, 0x00000000e8b00000|  0%| F|  |TAMS 0x00000000e8a00000, 0x00000000e8a00000| Untracked 
| 139|0x00000000e8b00000, 0x00000000e8b00000, 0x00000000e8c00000|  0%| F|  |TAMS 0x00000000e8b00000, 0x00000000e8b00000| Untracked 
| 140|0x00000000e8c00000, 0x00000000e8c00000, 0x00000000e8d00000|  0%| F|  |TAMS 0x00000000e8c00000, 0x00000000e8c00000| Untracked 
| 141|0x00000000e8d00000, 0x00000000e8d00000, 0x00000000e8e00000|  0%| F|  |TAMS 0x00000000e8d00000, 0x00000000e8d00000| Untracked 
| 142|0x00000000e8e00000, 0x00000000e8e00000, 0x00000000e8f00000|  0%| F|  |TAMS 0x00000000e8e00000, 0x00000000e8e00000| Untracked 
| 143|0x00000000e8f00000, 0x00000000e8f00000, 0x00000000e9000000|  0%| F|  |TAMS 0x00000000e8f00000, 0x00000000e8f00000| Untracked 
| 144|0x00000000e9000000, 0x00000000e9000000, 0x00000000e9100000|  0%| F|  |TAMS 0x00000000e9000000, 0x00000000e9000000| Untracked 
| 145|0x00000000e9100000, 0x00000000e9100000, 0x00000000e9200000|  0%| F|  |TAMS 0x00000000e9100000, 0x00000000e9100000| Untracked 
| 146|0x00000000e9200000, 0x00000000e9200000, 0x00000000e9300000|  0%| F|  |TAMS 0x00000000e9200000, 0x00000000e9200000| Untracked 
| 147|0x00000000e9300000, 0x00000000e9300000, 0x00000000e9400000|  0%| F|  |TAMS 0x00000000e9300000, 0x00000000e9300000| Untracked 
| 148|0x00000000e9400000, 0x00000000e940e700, 0x00000000e9500000|  5%| S|CS|TAMS 0x00000000e9400000, 0x00000000e9400000| Complete 
| 149|0x00000000e9500000, 0x00000000e9600000, 0x00000000e9600000|100%| S|CS|TAMS 0x00000000e9500000, 0x00000000e9500000| Complete 
| 150|0x00000000e9600000, 0x00000000e9700000, 0x00000000e9700000|100%| S|CS|TAMS 0x00000000e9600000, 0x00000000e9600000| Complete 
| 151|0x00000000e9700000, 0x00000000e9800000, 0x00000000e9800000|100%| S|CS|TAMS 0x00000000e9700000, 0x00000000e9700000| Complete 
| 152|0x00000000e9800000, 0x00000000e9900000, 0x00000000e9900000|100%| S|CS|TAMS 0x00000000e9800000, 0x00000000e9800000| Complete 
| 153|0x00000000e9900000, 0x00000000e9a00000, 0x00000000e9a00000|100%| S|CS|TAMS 0x00000000e9900000, 0x00000000e9900000| Complete 
| 154|0x00000000e9a00000, 0x00000000e9a00000, 0x00000000e9b00000|  0%| F|  |TAMS 0x00000000e9a00000, 0x00000000e9a00000| Untracked 
| 155|0x00000000e9b00000, 0x00000000e9b00000, 0x00000000e9c00000|  0%| F|  |TAMS 0x00000000e9b00000, 0x00000000e9b00000| Untracked 
| 156|0x00000000e9c00000, 0x00000000e9c00000, 0x00000000e9d00000|  0%| F|  |TAMS 0x00000000e9c00000, 0x00000000e9c00000| Untracked 
| 157|0x00000000e9d00000, 0x00000000e9d00000, 0x00000000e9e00000|  0%| F|  |TAMS 0x00000000e9d00000, 0x00000000e9d00000| Untracked 
| 158|0x00000000e9e00000, 0x00000000e9e00000, 0x00000000e9f00000|  0%| F|  |TAMS 0x00000000e9e00000, 0x00000000e9e00000| Untracked 
| 159|0x00000000e9f00000, 0x00000000e9f00000, 0x00000000ea000000|  0%| F|  |TAMS 0x00000000e9f00000, 0x00000000e9f00000| Untracked 
| 160|0x00000000ea000000, 0x00000000ea000000, 0x00000000ea100000|  0%| F|  |TAMS 0x00000000ea000000, 0x00000000ea000000| Untracked 
| 161|0x00000000ea100000, 0x00000000ea100000, 0x00000000ea200000|  0%| F|  |TAMS 0x00000000ea100000, 0x00000000ea100000| Untracked 
| 162|0x00000000ea200000, 0x00000000ea200000, 0x00000000ea300000|  0%| F|  |TAMS 0x00000000ea200000, 0x00000000ea200000| Untracked 
| 163|0x00000000ea300000, 0x00000000ea300000, 0x00000000ea400000|  0%| F|  |TAMS 0x00000000ea300000, 0x00000000ea300000| Untracked 
| 164|0x00000000ea400000, 0x00000000ea400000, 0x00000000ea500000|  0%| F|  |TAMS 0x00000000ea400000, 0x00000000ea400000| Untracked 
| 165|0x00000000ea500000, 0x00000000ea500000, 0x00000000ea600000|  0%| F|  |TAMS 0x00000000ea500000, 0x00000000ea500000| Untracked 
| 166|0x00000000ea600000, 0x00000000ea600000, 0x00000000ea700000|  0%| F|  |TAMS 0x00000000ea600000, 0x00000000ea600000| Untracked 
| 167|0x00000000ea700000, 0x00000000ea700000, 0x00000000ea800000|  0%| F|  |TAMS 0x00000000ea700000, 0x00000000ea700000| Untracked 
| 168|0x00000000ea800000, 0x00000000ea800000, 0x00000000ea900000|  0%| F|  |TAMS 0x00000000ea800000, 0x00000000ea800000| Untracked 
| 169|0x00000000ea900000, 0x00000000ea900000, 0x00000000eaa00000|  0%| F|  |TAMS 0x00000000ea900000, 0x00000000ea900000| Untracked 
| 170|0x00000000eaa00000, 0x00000000eaa00000, 0x00000000eab00000|  0%| F|  |TAMS 0x00000000eaa00000, 0x00000000eaa00000| Untracked 
| 171|0x00000000eab00000, 0x00000000eab00000, 0x00000000eac00000|  0%| F|  |TAMS 0x00000000eab00000, 0x00000000eab00000| Untracked 
| 172|0x00000000eac00000, 0x00000000eac00000, 0x00000000ead00000|  0%| F|  |TAMS 0x00000000eac00000, 0x00000000eac00000| Untracked 
| 173|0x00000000ead00000, 0x00000000ead00000, 0x00000000eae00000|  0%| F|  |TAMS 0x00000000ead00000, 0x00000000ead00000| Untracked 
| 174|0x00000000eae00000, 0x00000000eae04d68, 0x00000000eaf00000|  1%| E|  |TAMS 0x00000000eae00000, 0x00000000eae00000| Complete 
| 175|0x00000000eaf00000, 0x00000000eb000000, 0x00000000eb000000|100%| E|CS|TAMS 0x00000000eaf00000, 0x00000000eaf00000| Complete 
| 176|0x00000000eb000000, 0x00000000eb100000, 0x00000000eb100000|100%| E|CS|TAMS 0x00000000eb000000, 0x00000000eb000000| Complete 
| 177|0x00000000eb100000, 0x00000000eb200000, 0x00000000eb200000|100%| E|CS|TAMS 0x00000000eb100000, 0x00000000eb100000| Complete 
| 178|0x00000000eb200000, 0x00000000eb300000, 0x00000000eb300000|100%| E|CS|TAMS 0x00000000eb200000, 0x00000000eb200000| Complete 
| 179|0x00000000eb300000, 0x00000000eb400000, 0x00000000eb400000|100%| E|CS|TAMS 0x00000000eb300000, 0x00000000eb300000| Complete 
| 180|0x00000000eb400000, 0x00000000eb500000, 0x00000000eb500000|100%| E|CS|TAMS 0x00000000eb400000, 0x00000000eb400000| Complete 
| 181|0x00000000eb500000, 0x00000000eb600000, 0x00000000eb600000|100%| E|CS|TAMS 0x00000000eb500000, 0x00000000eb500000| Complete 
| 182|0x00000000eb600000, 0x00000000eb700000, 0x00000000eb700000|100%| E|CS|TAMS 0x00000000eb600000, 0x00000000eb600000| Complete 
| 183|0x00000000eb700000, 0x00000000eb800000, 0x00000000eb800000|100%| E|CS|TAMS 0x00000000eb700000, 0x00000000eb700000| Complete 
| 184|0x00000000eb800000, 0x00000000eb900000, 0x00000000eb900000|100%| E|CS|TAMS 0x00000000eb800000, 0x00000000eb800000| Complete 
| 185|0x00000000eb900000, 0x00000000eba00000, 0x00000000eba00000|100%| E|CS|TAMS 0x00000000eb900000, 0x00000000eb900000| Complete 
| 186|0x00000000eba00000, 0x00000000ebb00000, 0x00000000ebb00000|100%| E|CS|TAMS 0x00000000eba00000, 0x00000000eba00000| Complete 
| 187|0x00000000ebb00000, 0x00000000ebc00000, 0x00000000ebc00000|100%| E|CS|TAMS 0x00000000ebb00000, 0x00000000ebb00000| Complete 
| 188|0x00000000ebc00000, 0x00000000ebd00000, 0x00000000ebd00000|100%| E|CS|TAMS 0x00000000ebc00000, 0x00000000ebc00000| Complete 
| 189|0x00000000ebd00000, 0x00000000ebe00000, 0x00000000ebe00000|100%| E|CS|TAMS 0x00000000ebd00000, 0x00000000ebd00000| Complete 
| 190|0x00000000ebe00000, 0x00000000ebf00000, 0x00000000ebf00000|100%| E|CS|TAMS 0x00000000ebe00000, 0x00000000ebe00000| Complete 
| 191|0x00000000ebf00000, 0x00000000ec000000, 0x00000000ec000000|100%| E|CS|TAMS 0x00000000ebf00000, 0x00000000ebf00000| Complete 
| 192|0x00000000ec000000, 0x00000000ec100000, 0x00000000ec100000|100%| E|CS|TAMS 0x00000000ec000000, 0x00000000ec000000| Complete 
| 193|0x00000000ec100000, 0x00000000ec200000, 0x00000000ec200000|100%| E|CS|TAMS 0x00000000ec100000, 0x00000000ec100000| Complete 
| 194|0x00000000ec200000, 0x00000000ec300000, 0x00000000ec300000|100%| E|CS|TAMS 0x00000000ec200000, 0x00000000ec200000| Complete 
| 195|0x00000000ec300000, 0x00000000ec400000, 0x00000000ec400000|100%| E|CS|TAMS 0x00000000ec300000, 0x00000000ec300000| Complete 
| 196|0x00000000ec400000, 0x00000000ec500000, 0x00000000ec500000|100%| E|CS|TAMS 0x00000000ec400000, 0x00000000ec400000| Complete 
| 197|0x00000000ec500000, 0x00000000ec600000, 0x00000000ec600000|100%| E|CS|TAMS 0x00000000ec500000, 0x00000000ec500000| Complete 
| 198|0x00000000ec600000, 0x00000000ec700000, 0x00000000ec700000|100%| E|CS|TAMS 0x00000000ec600000, 0x00000000ec600000| Complete 
| 199|0x00000000ec700000, 0x00000000ec800000, 0x00000000ec800000|100%| E|CS|TAMS 0x00000000ec700000, 0x00000000ec700000| Complete 
| 200|0x00000000ec800000, 0x00000000ec900000, 0x00000000ec900000|100%| E|CS|TAMS 0x00000000ec800000, 0x00000000ec800000| Complete 
| 201|0x00000000ec900000, 0x00000000eca00000, 0x00000000eca00000|100%| E|CS|TAMS 0x00000000ec900000, 0x00000000ec900000| Complete 
| 202|0x00000000eca00000, 0x00000000ecb00000, 0x00000000ecb00000|100%| E|CS|TAMS 0x00000000eca00000, 0x00000000eca00000| Complete 
| 203|0x00000000ecb00000, 0x00000000ecc00000, 0x00000000ecc00000|100%| E|CS|TAMS 0x00000000ecb00000, 0x00000000ecb00000| Complete 
| 204|0x00000000ecc00000, 0x00000000ecd00000, 0x00000000ecd00000|100%| E|CS|TAMS 0x00000000ecc00000, 0x00000000ecc00000| Complete 
| 205|0x00000000ecd00000, 0x00000000ece00000, 0x00000000ece00000|100%| E|CS|TAMS 0x00000000ecd00000, 0x00000000ecd00000| Complete 
| 206|0x00000000ece00000, 0x00000000ecf00000, 0x00000000ecf00000|100%| E|CS|TAMS 0x00000000ece00000, 0x00000000ece00000| Complete 
| 207|0x00000000ecf00000, 0x00000000ed000000, 0x00000000ed000000|100%| E|CS|TAMS 0x00000000ecf00000, 0x00000000ecf00000| Complete 
| 208|0x00000000ed000000, 0x00000000ed100000, 0x00000000ed100000|100%| E|CS|TAMS 0x00000000ed000000, 0x00000000ed000000| Complete 
| 209|0x00000000ed100000, 0x00000000ed200000, 0x00000000ed200000|100%| E|CS|TAMS 0x00000000ed100000, 0x00000000ed100000| Complete 
| 210|0x00000000ed200000, 0x00000000ed300000, 0x00000000ed300000|100%| E|CS|TAMS 0x00000000ed200000, 0x00000000ed200000| Complete 
| 211|0x00000000ed300000, 0x00000000ed400000, 0x00000000ed400000|100%| E|CS|TAMS 0x00000000ed300000, 0x00000000ed300000| Complete 
| 212|0x00000000ed400000, 0x00000000ed500000, 0x00000000ed500000|100%| E|CS|TAMS 0x00000000ed400000, 0x00000000ed400000| Complete 
| 213|0x00000000ed500000, 0x00000000ed600000, 0x00000000ed600000|100%| E|CS|TAMS 0x00000000ed500000, 0x00000000ed500000| Complete 
| 214|0x00000000ed600000, 0x00000000ed700000, 0x00000000ed700000|100%| E|CS|TAMS 0x00000000ed600000, 0x00000000ed600000| Complete 
| 215|0x00000000ed700000, 0x00000000ed800000, 0x00000000ed800000|100%| E|CS|TAMS 0x00000000ed700000, 0x00000000ed700000| Complete 
| 216|0x00000000ed800000, 0x00000000ed900000, 0x00000000ed900000|100%| E|CS|TAMS 0x00000000ed800000, 0x00000000ed800000| Complete 
| 217|0x00000000ed900000, 0x00000000eda00000, 0x00000000eda00000|100%| E|CS|TAMS 0x00000000ed900000, 0x00000000ed900000| Complete 
| 218|0x00000000eda00000, 0x00000000edb00000, 0x00000000edb00000|100%| E|CS|TAMS 0x00000000eda00000, 0x00000000eda00000| Complete 
| 219|0x00000000edb00000, 0x00000000edc00000, 0x00000000edc00000|100%| E|CS|TAMS 0x00000000edb00000, 0x00000000edb00000| Complete 
| 220|0x00000000edc00000, 0x00000000edd00000, 0x00000000edd00000|100%| E|CS|TAMS 0x00000000edc00000, 0x00000000edc00000| Complete 
| 221|0x00000000edd00000, 0x00000000ede00000, 0x00000000ede00000|100%| E|CS|TAMS 0x00000000edd00000, 0x00000000edd00000| Complete 
| 222|0x00000000ede00000, 0x00000000edf00000, 0x00000000edf00000|100%| E|CS|TAMS 0x00000000ede00000, 0x00000000ede00000| Complete 
| 223|0x00000000edf00000, 0x00000000ee000000, 0x00000000ee000000|100%| E|CS|TAMS 0x00000000edf00000, 0x00000000edf00000| Complete 
| 224|0x00000000ee000000, 0x00000000ee100000, 0x00000000ee100000|100%| E|CS|TAMS 0x00000000ee000000, 0x00000000ee000000| Complete 
| 225|0x00000000ee100000, 0x00000000ee200000, 0x00000000ee200000|100%| E|CS|TAMS 0x00000000ee100000, 0x00000000ee100000| Complete 
| 226|0x00000000ee200000, 0x00000000ee300000, 0x00000000ee300000|100%| E|CS|TAMS 0x00000000ee200000, 0x00000000ee200000| Complete 
| 227|0x00000000ee300000, 0x00000000ee400000, 0x00000000ee400000|100%| E|CS|TAMS 0x00000000ee300000, 0x00000000ee300000| Complete 
| 228|0x00000000ee400000, 0x00000000ee500000, 0x00000000ee500000|100%| E|CS|TAMS 0x00000000ee400000, 0x00000000ee400000| Complete 
| 229|0x00000000ee500000, 0x00000000ee600000, 0x00000000ee600000|100%| E|CS|TAMS 0x00000000ee500000, 0x00000000ee500000| Complete 
| 230|0x00000000ee600000, 0x00000000ee700000, 0x00000000ee700000|100%| E|CS|TAMS 0x00000000ee600000, 0x00000000ee600000| Complete 
| 231|0x00000000ee700000, 0x00000000ee800000, 0x00000000ee800000|100%| E|CS|TAMS 0x00000000ee700000, 0x00000000ee700000| Complete 
| 232|0x00000000ee800000, 0x00000000ee900000, 0x00000000ee900000|100%| E|CS|TAMS 0x00000000ee800000, 0x00000000ee800000| Complete 
| 233|0x00000000ee900000, 0x00000000eea00000, 0x00000000eea00000|100%| E|CS|TAMS 0x00000000ee900000, 0x00000000ee900000| Complete 
| 234|0x00000000eea00000, 0x00000000eeb00000, 0x00000000eeb00000|100%| E|CS|TAMS 0x00000000eea00000, 0x00000000eea00000| Complete 
| 235|0x00000000eeb00000, 0x00000000eec00000, 0x00000000eec00000|100%| E|CS|TAMS 0x00000000eeb00000, 0x00000000eeb00000| Complete 
| 236|0x00000000eec00000, 0x00000000eed00000, 0x00000000eed00000|100%| E|CS|TAMS 0x00000000eec00000, 0x00000000eec00000| Complete 
| 237|0x00000000eed00000, 0x00000000eee00000, 0x00000000eee00000|100%| E|CS|TAMS 0x00000000eed00000, 0x00000000eed00000| Complete 
| 238|0x00000000eee00000, 0x00000000eef00000, 0x00000000eef00000|100%| E|CS|TAMS 0x00000000eee00000, 0x00000000eee00000| Complete 
| 239|0x00000000eef00000, 0x00000000ef000000, 0x00000000ef000000|100%| E|CS|TAMS 0x00000000eef00000, 0x00000000eef00000| Complete 
| 240|0x00000000ef000000, 0x00000000ef100000, 0x00000000ef100000|100%| E|CS|TAMS 0x00000000ef000000, 0x00000000ef000000| Complete 
| 241|0x00000000ef100000, 0x00000000ef200000, 0x00000000ef200000|100%| E|CS|TAMS 0x00000000ef100000, 0x00000000ef100000| Complete 
| 242|0x00000000ef200000, 0x00000000ef300000, 0x00000000ef300000|100%| E|CS|TAMS 0x00000000ef200000, 0x00000000ef200000| Complete 
| 243|0x00000000ef300000, 0x00000000ef400000, 0x00000000ef400000|100%| E|CS|TAMS 0x00000000ef300000, 0x00000000ef300000| Complete 
| 244|0x00000000ef400000, 0x00000000ef500000, 0x00000000ef500000|100%| E|CS|TAMS 0x00000000ef400000, 0x00000000ef400000| Complete 
| 245|0x00000000ef500000, 0x00000000ef600000, 0x00000000ef600000|100%| E|CS|TAMS 0x00000000ef500000, 0x00000000ef500000| Complete 
| 246|0x00000000ef600000, 0x00000000ef700000, 0x00000000ef700000|100%| E|CS|TAMS 0x00000000ef600000, 0x00000000ef600000| Complete 
| 247|0x00000000ef700000, 0x00000000ef800000, 0x00000000ef800000|100%| E|CS|TAMS 0x00000000ef700000, 0x00000000ef700000| Complete 
| 248|0x00000000ef800000, 0x00000000ef900000, 0x00000000ef900000|100%| E|CS|TAMS 0x00000000ef800000, 0x00000000ef800000| Complete 
| 249|0x00000000ef900000, 0x00000000efa00000, 0x00000000efa00000|100%| E|CS|TAMS 0x00000000ef900000, 0x00000000ef900000| Complete 
| 250|0x00000000efa00000, 0x00000000efb00000, 0x00000000efb00000|100%| E|CS|TAMS 0x00000000efa00000, 0x00000000efa00000| Complete 
| 251|0x00000000efb00000, 0x00000000efc00000, 0x00000000efc00000|100%| E|CS|TAMS 0x00000000efb00000, 0x00000000efb00000| Complete 
| 252|0x00000000efc00000, 0x00000000efd00000, 0x00000000efd00000|100%| E|CS|TAMS 0x00000000efc00000, 0x00000000efc00000| Complete 
| 253|0x00000000efd00000, 0x00000000efe00000, 0x00000000efe00000|100%| E|CS|TAMS 0x00000000efd00000, 0x00000000efd00000| Complete 
| 254|0x00000000efe00000, 0x00000000eff00000, 0x00000000eff00000|100%| E|CS|TAMS 0x00000000efe00000, 0x00000000efe00000| Complete 
| 255|0x00000000eff00000, 0x00000000f0000000, 0x00000000f0000000|100%| E|CS|TAMS 0x00000000eff00000, 0x00000000eff00000| Complete 

Card table byte_map: [0x000001deff1d0000,0x000001deff2d0000] _byte_map_base: 0x000001defead0000

Marking Bits (Prev, Next): (CMBitMap*) 0x000001dee7498e30, (CMBitMap*) 0x000001dee7498df8
 Prev Bits: [0x000001de80000000, 0x000001de80800000)
 Next Bits: [0x000001deff3d0000, 0x000001deffbd0000)

Polling page: 0x000001dee5190000

Metaspace:

Usage:
  Non-class:     78.51 MB capacity,    76.43 MB ( 97%) used,     1.83 MB (  2%) free+waste,   265.00 KB ( <1%) overhead. 
      Class:     12.06 MB capacity,    11.01 MB ( 91%) used,   950.84 KB (  8%) free+waste,   128.19 KB (  1%) overhead. 
       Both:     90.57 MB capacity,    87.43 MB ( 97%) used,     2.75 MB (  3%) free+waste,   393.19 KB ( <1%) overhead. 

Virtual space:
  Non-class space:       80.00 MB reserved,      78.75 MB ( 98%) committed 
      Class space:      248.00 MB reserved,      12.13 MB (  5%) committed 
             Both:      328.00 MB reserved,      90.88 MB ( 28%) committed 

Chunk freelists:
   Non-Class:  53.00 KB
       Class:  1.00 KB
        Both:  54.00 KB

MaxMetaspaceSize: 256.00 MB
CompressedClassSpaceSize: 248.00 MB

CodeHeap 'non-profiled nmethods': size=120000Kb used=7165Kb max_used=7165Kb free=112834Kb
 bounds [0x000001def7650000, 0x000001def7d50000, 0x000001defeb80000]
CodeHeap 'profiled nmethods': size=120000Kb used=24054Kb max_used=24054Kb free=95945Kb
 bounds [0x000001def0120000, 0x000001def18a0000, 0x000001def7650000]
CodeHeap 'non-nmethods': size=5760Kb used=2280Kb max_used=2347Kb free=3479Kb
 bounds [0x000001deefb80000, 0x000001deefdf0000, 0x000001def0120000]
 total_blobs=11061 nmethods=10176 adapters=796
 compilation: enabled
              stopped_count=0, restarted_count=0
 full_count=0

Compilation events (20 events):
Event: 315.753 Thread 0x000001de839d4800 10271       1       com.sun.jmx.mbeanserver.MXBeanSupport::getCookie (5 bytes)
Event: 315.753 Thread 0x000001de839d4800 nmethod 10271 0x000001def7d4e210 code [0x000001def7d4e3c0, 0x000001def7d4e478]
Event: 315.799 Thread 0x000001de839d4800 10273   !   3       org.apache.catalina.core.ContainerBase::findChildren (42 bytes)
Event: 315.799 Thread 0x000001de839d4800 nmethod 10273 0x000001def1899690 code [0x000001def1899880, 0x000001def1899ed8]
Event: 320.765 Thread 0x000001de839d4800 10274       3       java.util.concurrent.locks.ReentrantReadWriteLock$FairSync::readerShouldBlock (5 bytes)
Event: 320.766 Thread 0x000001de839d4800 nmethod 10274 0x000001def189a110 code [0x000001def189a2c0, 0x000001def189a3e8]
Event: 320.766 Thread 0x000001de839d4800 10275       3       com.sun.jmx.mbeanserver.Repository::retrieveNamedObject (63 bytes)
Event: 320.766 Thread 0x000001de839d4800 nmethod 10275 0x000001def189a490 code [0x000001def189a6e0, 0x000001def189afc8]
Event: 325.762 Thread 0x000001de839d4800 10276       1       org.gradle.process.internal.health.memory.OsMemoryStatusSnapshot::getTotalPhysicalMemory (5 bytes)
Event: 325.762 Thread 0x000001de839d4800 nmethod 10276 0x000001def7d4e510 code [0x000001def7d4e6c0, 0x000001def7d4e778]
Event: 325.810 Thread 0x000001de839d4800 10277       3       org.apache.catalina.valves.ValveBase::backgroundProcess (1 bytes)
Event: 325.810 Thread 0x000001de839d4800 nmethod 10277 0x000001def189b310 code [0x000001def189b4c0, 0x000001def189b5b8]
Event: 328.105 Thread 0x000001de839d3800 10278       4       java.util.stream.Sink$ChainedReference::end (10 bytes)
Event: 328.106 Thread 0x000001de839d3800 nmethod 10278 0x000001def7d4e810 code [0x000001def7d4e9a0, 0x000001def7d4ea38]
Event: 345.813 Thread 0x000001de839d3800 10280       4       java.util.AbstractCollection::toArray (144 bytes)
Event: 345.813 Thread 0x000001de839d4800 10279   !   3       org.apache.catalina.core.ContainerBase::getRealmInternal (38 bytes)
Event: 345.813 Thread 0x000001de839d4800 nmethod 10279 0x000001def189b690 code [0x000001def189b8e0, 0x000001def189c158]
Event: 345.817 Thread 0x000001de839d3800 nmethod 10280 0x000001def7d4eb10 code [0x000001def7d4ecc0, 0x000001def7d4f158]
Event: 350.194 Thread 0x000001de839d4800 10281       3       com.google.common.collect.Sets::newLinkedHashSet (31 bytes)
Event: 350.196 Thread 0x000001de839d4800 nmethod 10281 0x000001def189c510 code [0x000001def189c7e0, 0x000001def189d5a8]

GC Heap History (20 events):
Event: 2.642 GC heap before
{Heap before GC invocations=3 (full 0):
 garbage-first heap   total 262144K, used 37745K [0x00000000e0000000, 0x0000000100000000)
  region size 1024K, 32 young (32768K), 11 survivors (11264K)
 Metaspace       used 22564K, capacity 23153K, committed 23296K, reserved 274432K
  class space    used 2861K, capacity 3068K, committed 3072K, reserved 253952K
}
Event: 2.648 GC heap after
{Heap after GC invocations=4 (full 0):
 garbage-first heap   total 262144K, used 17366K [0x00000000e0000000, 0x0000000100000000)
  region size 1024K, 2 young (2048K), 2 survivors (2048K)
 Metaspace       used 22564K, capacity 23153K, committed 23296K, reserved 274432K
  class space    used 2861K, capacity 3068K, committed 3072K, reserved 253952K
}
Event: 3.682 GC heap before
{Heap before GC invocations=4 (full 0):
 garbage-first heap   total 262144K, used 115670K [0x00000000e0000000, 0x0000000100000000)
  region size 1024K, 90 young (92160K), 2 survivors (2048K)
 Metaspace       used 34777K, capacity 35677K, committed 35840K, reserved 286720K
  class space    used 4556K, capacity 4864K, committed 4864K, reserved 253952K
}
Event: 3.692 GC heap after
{Heap after GC invocations=5 (full 0):
 garbage-first heap   total 262144K, used 32365K [0x00000000e0000000, 0x0000000100000000)
  region size 1024K, 7 young (7168K), 7 survivors (7168K)
 Metaspace       used 34777K, capacity 35677K, committed 35840K, reserved 286720K
  class space    used 4556K, capacity 4864K, committed 4864K, reserved 253952K
}
Event: 5.380 GC heap before
{Heap before GC invocations=6 (full 0):
 garbage-first heap   total 262144K, used 194157K [0x00000000e0000000, 0x0000000100000000)
  region size 1024K, 153 young (156672K), 7 survivors (7168K)
 Metaspace       used 49136K, capacity 50480K, committed 50688K, reserved 299008K
  class space    used 6180K, capacity 6613K, committed 6656K, reserved 253952K
}
Event: 5.392 GC heap after
{Heap after GC invocations=7 (full 0):
 garbage-first heap   total 262144K, used 53034K [0x00000000e0000000, 0x0000000100000000)
  region size 1024K, 18 young (18432K), 18 survivors (18432K)
 Metaspace       used 49136K, capacity 50480K, committed 50688K, reserved 299008K
  class space    used 6180K, capacity 6613K, committed 6656K, reserved 253952K
}
Event: 6.591 GC heap before
{Heap before GC invocations=7 (full 0):
 garbage-first heap   total 262144K, used 189226K [0x00000000e0000000, 0x0000000100000000)
  region size 1024K, 151 young (154624K), 18 survivors (18432K)
 Metaspace       used 56977K, capacity 58659K, committed 59008K, reserved 305152K
  class space    used 7334K, capacity 7945K, committed 8064K, reserved 253952K
}
Event: 6.609 GC heap after
{Heap after GC invocations=8 (full 0):
 garbage-first heap   total 262144K, used 62739K [0x00000000e0000000, 0x0000000100000000)
  region size 1024K, 10 young (10240K), 10 survivors (10240K)
 Metaspace       used 56977K, capacity 58659K, committed 59008K, reserved 305152K
  class space    used 7334K, capacity 7945K, committed 8064K, reserved 253952K
}
Event: 6.743 GC heap before
{Heap before GC invocations=8 (full 0):
 garbage-first heap   total 262144K, used 80147K [0x00000000e0000000, 0x0000000100000000)
  region size 1024K, 20 young (20480K), 10 survivors (10240K)
 Metaspace       used 57976K, capacity 59742K, committed 59904K, reserved 307200K
  class space    used 7456K, capacity 8070K, committed 8192K, reserved 253952K
}
Event: 6.751 GC heap after
{Heap after GC invocations=9 (full 0):
 garbage-first heap   total 262144K, used 74553K [0x00000000e0000000, 0x0000000100000000)
  region size 1024K, 13 young (13312K), 13 survivors (13312K)
 Metaspace       used 57976K, capacity 59742K, committed 59904K, reserved 307200K
  class space    used 7456K, capacity 8070K, committed 8192K, reserved 253952K
}
Event: 7.735 GC heap before
{Heap before GC invocations=10 (full 0):
 garbage-first heap   total 262144K, used 184121K [0x00000000e0000000, 0x0000000100000000)
  region size 1024K, 120 young (122880K), 13 survivors (13312K)
 Metaspace       used 64520K, capacity 66516K, committed 66688K, reserved 313344K
  class space    used 8367K, capacity 9045K, committed 9088K, reserved 253952K
}
Event: 7.747 GC heap after
{Heap after GC invocations=11 (full 0):
 garbage-first heap   total 262144K, used 82291K [0x00000000e0000000, 0x0000000100000000)
  region size 1024K, 11 young (11264K), 11 survivors (11264K)
 Metaspace       used 64520K, capacity 66516K, committed 66688K, reserved 313344K
  class space    used 8367K, capacity 9045K, committed 9088K, reserved 253952K
}
Event: 105.688 GC heap before
{Heap before GC invocations=11 (full 0):
 garbage-first heap   total 262144K, used 190835K [0x00000000e0000000, 0x0000000100000000)
  region size 1024K, 118 young (120832K), 11 survivors (11264K)
 Metaspace       used 76736K, capacity 79296K, committed 79488K, reserved 323584K
  class space    used 9900K, capacity 10765K, committed 10880K, reserved 253952K
}
Event: 105.701 GC heap after
{Heap after GC invocations=12 (full 0):
 garbage-first heap   total 262144K, used 90848K [0x00000000e0000000, 0x0000000100000000)
  region size 1024K, 15 young (15360K), 15 survivors (15360K)
 Metaspace       used 76736K, capacity 79296K, committed 79488K, reserved 323584K
  class space    used 9900K, capacity 10765K, committed 10880K, reserved 253952K
}
Event: 107.013 GC heap before
{Heap before GC invocations=12 (full 0):
 garbage-first heap   total 262144K, used 196320K [0x00000000e0000000, 0x0000000100000000)
  region size 1024K, 119 young (121856K), 15 survivors (15360K)
 Metaspace       used 84074K, capacity 86934K, committed 87040K, reserved 329728K
  class space    used 10722K, capacity 11718K, committed 11776K, reserved 253952K
}
Event: 107.031 GC heap after
{Heap after GC invocations=13 (full 0):
 garbage-first heap   total 262144K, used 102400K [0x00000000e0000000, 0x0000000100000000)
  region size 1024K, 12 young (12288K), 12 survivors (12288K)
 Metaspace       used 84074K, capacity 86934K, committed 87040K, reserved 329728K
  class space    used 10722K, capacity 11718K, committed 11776K, reserved 253952K
}
Event: 107.294 GC heap before
{Heap before GC invocations=13 (full 0):
 garbage-first heap   total 262144K, used 199680K [0x00000000e0000000, 0x0000000100000000)
  region size 1024K, 108 young (110592K), 12 survivors (12288K)
 Metaspace       used 84113K, capacity 86934K, committed 87040K, reserved 329728K
  class space    used 10727K, capacity 11718K, committed 11776K, reserved 253952K
}
Event: 107.302 GC heap after
{Heap after GC invocations=14 (full 0):
 garbage-first heap   total 262144K, used 104074K [0x00000000e0000000, 0x0000000100000000)
  region size 1024K, 2 young (2048K), 2 survivors (2048K)
 Metaspace       used 84113K, capacity 86934K, committed 87040K, reserved 329728K
  class space    used 10727K, capacity 11718K, committed 11776K, reserved 253952K
}
Event: 135.318 GC heap before
{Heap before GC invocations=14 (full 0):
 garbage-first heap   total 262144K, used 205450K [0x00000000e0000000, 0x0000000100000000)
  region size 1024K, 102 young (104448K), 2 survivors (2048K)
 Metaspace       used 88831K, capacity 91938K, committed 92160K, reserved 333824K
  class space    used 11197K, capacity 12273K, committed 12288K, reserved 253952K
}
Event: 135.324 GC heap after
{Heap after GC invocations=15 (full 0):
 garbage-first heap   total 262144K, used 107204K [0x00000000e0000000, 0x0000000100000000)
  region size 1024K, 6 young (6144K), 6 survivors (6144K)
 Metaspace       used 88831K, capacity 91938K, committed 92160K, reserved 333824K
  class space    used 11197K, capacity 12273K, committed 12288K, reserved 253952K
}

Deoptimization events (20 events):
Event: 145.623 Thread 0x000001de8ac2d800 DEOPT PACKING pc=0x000001def0c7b48c sp=0x00000015b58feba0
Event: 145.623 Thread 0x000001de8ac2c800 DEOPT PACKING pc=0x000001def0c7b48c sp=0x00000015b59feba0
Event: 145.623 Thread 0x000001de8ac2d800 DEOPT UNPACKING pc=0x000001deefba6dde sp=0x00000015b58fe0b8 mode 0
Event: 145.623 Thread 0x000001de8ac2c800 DEOPT UNPACKING pc=0x000001deefba6dde sp=0x00000015b59fe0b8 mode 0
Event: 235.749 Thread 0x000001de8ac30800 Uncommon trap: trap_request=0xffffffd6 fr.pc=0x000001def7d49c14 relative=0x0000000000000334
Event: 235.749 Thread 0x000001de8ac30800 Uncommon trap: reason=array_check action=maybe_recompile pc=0x000001def7d49c14 method=java.util.AbstractCollection.toArray([Ljava/lang/Object;)[Ljava/lang/Object; @ 116 c2
Event: 235.749 Thread 0x000001de8ac30800 DEOPT PACKING pc=0x000001def7d49c14 sp=0x00000015b2bfec30
Event: 235.749 Thread 0x000001de8ac30800 DEOPT UNPACKING pc=0x000001deefba662f sp=0x00000015b2bfebe0 mode 2
Event: 235.749 Thread 0x000001de8ac30800 Uncommon trap: trap_request=0xffffffd6 fr.pc=0x000001def7d49c14 relative=0x0000000000000334
Event: 235.749 Thread 0x000001de8ac30800 Uncommon trap: reason=array_check action=maybe_recompile pc=0x000001def7d49c14 method=java.util.AbstractCollection.toArray([Ljava/lang/Object;)[Ljava/lang/Object; @ 116 c2
Event: 235.749 Thread 0x000001de8ac30800 DEOPT PACKING pc=0x000001def7d49c14 sp=0x00000015b2bfebb0
Event: 235.749 Thread 0x000001de8ac30800 DEOPT UNPACKING pc=0x000001deefba662f sp=0x00000015b2bfeb60 mode 2
Event: 235.749 Thread 0x000001de8ac30800 Uncommon trap: trap_request=0xffffffd6 fr.pc=0x000001def7d49c14 relative=0x0000000000000334
Event: 235.749 Thread 0x000001de8ac30800 Uncommon trap: reason=array_check action=maybe_recompile pc=0x000001def7d49c14 method=java.util.AbstractCollection.toArray([Ljava/lang/Object;)[Ljava/lang/Object; @ 116 c2
Event: 235.749 Thread 0x000001de8ac30800 DEOPT PACKING pc=0x000001def7d49c14 sp=0x00000015b2bfeb30
Event: 235.749 Thread 0x000001de8ac30800 DEOPT UNPACKING pc=0x000001deefba662f sp=0x00000015b2bfeae0 mode 2
Event: 245.754 Thread 0x000001de8ac30800 Uncommon trap: trap_request=0xffffffd6 fr.pc=0x000001def7d49c14 relative=0x0000000000000334
Event: 245.754 Thread 0x000001de8ac30800 Uncommon trap: reason=array_check action=maybe_recompile pc=0x000001def7d49c14 method=java.util.AbstractCollection.toArray([Ljava/lang/Object;)[Ljava/lang/Object; @ 116 c2
Event: 245.754 Thread 0x000001de8ac30800 DEOPT PACKING pc=0x000001def7d49c14 sp=0x00000015b2bfec30
Event: 245.754 Thread 0x000001de8ac30800 DEOPT UNPACKING pc=0x000001deefba662f sp=0x00000015b2bfebe0 mode 2

Classes redefined (0 events):
No events

Internal exceptions (20 events):
Event: 134.809 Thread 0x000001de8732f800 Exception <a 'java/lang/ClassNotFoundException'{0x00000000edc14fc0}: org/apache/catalina/util/LifecycleBaseBeanInfo> (0x00000000edc14fc0) thrown at [./src/hotspot/share/classfile/systemDictionary.cpp, line 231]
Event: 134.809 Thread 0x000001de8732f800 Exception <a 'java/lang/ClassNotFoundException'{0x00000000edc1c238}: org/apache/catalina/util/LifecycleBaseCustomizer> (0x00000000edc1c238) thrown at [./src/hotspot/share/classfile/systemDictionary.cpp, line 231]
Event: 134.809 Thread 0x000001de8732f800 Exception <a 'java/lang/ClassNotFoundException'{0x00000000edc28c78}: org/apache/catalina/util/LifecycleMBeanBaseCustomizer> (0x00000000edc28c78) thrown at [./src/hotspot/share/classfile/systemDictionary.cpp, line 231]
Event: 134.810 Thread 0x000001de8732f800 Exception <a 'java/lang/ClassNotFoundException'{0x00000000edc35898}: org/apache/catalina/core/ContainerBaseCustomizer> (0x00000000edc35898) thrown at [./src/hotspot/share/classfile/systemDictionary.cpp, line 231]
Event: 134.810 Thread 0x000001de8732f800 Exception <a 'java/lang/ClassNotFoundException'{0x00000000edc59020}: org/apache/catalina/core/StandardContextCustomizer> (0x00000000edc59020) thrown at [./src/hotspot/share/classfile/systemDictionary.cpp, line 231]
Event: 134.820 Thread 0x000001de8732f800 Exception <a 'java/lang/ClassNotFoundException'{0x00000000edba0428}: org/apache/tomcat/util/scan/StandardJarScannerBeanInfo> (0x00000000edba0428) thrown at [./src/hotspot/share/classfile/systemDictionary.cpp, line 231]
Event: 134.821 Thread 0x000001de8732f800 Exception <a 'java/lang/ClassNotFoundException'{0x00000000edba6fc0}: org/apache/tomcat/util/scan/StandardJarScannerCustomizer> (0x00000000edba6fc0) thrown at [./src/hotspot/share/classfile/systemDictionary.cpp, line 231]
Event: 134.827 Thread 0x000001de8732f800 Exception <a 'java/lang/ClassNotFoundException'{0x00000000eda274d0}: org/apache/catalina/loader/WebappLoaderBeanInfo> (0x00000000eda274d0) thrown at [./src/hotspot/share/classfile/systemDictionary.cpp, line 231]
Event: 134.827 Thread 0x000001de8732f800 Exception <a 'java/lang/ClassNotFoundException'{0x00000000eda2dfb0}: org/apache/catalina/loader/WebappLoaderCustomizer> (0x00000000eda2dfb0) thrown at [./src/hotspot/share/classfile/systemDictionary.cpp, line 231]
Event: 134.837 Thread 0x000001de8732f800 Exception <a 'java/lang/ClassNotFoundException'{0x00000000edab2cd8}: org/apache/catalina/connector/ConnectorBeanInfo> (0x00000000edab2cd8) thrown at [./src/hotspot/share/classfile/systemDictionary.cpp, line 231]
Event: 134.837 Thread 0x000001de8732f800 Exception <a 'java/lang/ClassNotFoundException'{0x00000000edab97b8}: org/apache/catalina/connector/ConnectorCustomizer> (0x00000000edab97b8) thrown at [./src/hotspot/share/classfile/systemDictionary.cpp, line 231]
Event: 134.857 Thread 0x000001de8732f800 Exception <a 'java/lang/ClassNotFoundException'{0x00000000ed85d6c8}: org/apache/catalina/core/StandardServiceBeanInfo> (0x00000000ed85d6c8) thrown at [./src/hotspot/share/classfile/systemDictionary.cpp, line 231]
Event: 134.857 Thread 0x000001de8732f800 Exception <a 'java/lang/ClassNotFoundException'{0x00000000ed8641e8}: org/apache/catalina/core/StandardServiceCustomizer> (0x00000000ed8641e8) thrown at [./src/hotspot/share/classfile/systemDictionary.cpp, line 231]
Event: 134.865 Thread 0x000001de8732f800 Exception <a 'java/lang/ClassNotFoundException'{0x00000000ed8feac8}: org/apache/catalina/core/StandardServerBeanInfo> (0x00000000ed8feac8) thrown at [./src/hotspot/share/classfile/systemDictionary.cpp, line 231]
Event: 134.866 Thread 0x000001de8732f800 Exception <a 'java/lang/ClassNotFoundException'{0x00000000ed705a38}: org/apache/catalina/core/StandardServerCustomizer> (0x00000000ed705a38) thrown at [./src/hotspot/share/classfile/systemDictionary.cpp, line 231]
Event: 134.868 Thread 0x000001de8732f800 Exception <a 'java/lang/ClassNotFoundException'{0x00000000ed743f88}: org/apache/catalina/LifecycleEventBeanInfo> (0x00000000ed743f88) thrown at [./src/hotspot/share/classfile/systemDictionary.cpp, line 231]
Event: 134.868 Thread 0x000001de8732f800 Exception <a 'java/lang/ClassNotFoundException'{0x00000000ed747dd0}: java/util/EventObjectBeanInfo> (0x00000000ed747dd0) thrown at [./src/hotspot/share/classfile/systemDictionary.cpp, line 231]
Event: 134.868 Thread 0x000001de8732f800 Exception <a 'java/lang/ClassNotFoundException'{0x00000000ed74bbe8}: java/util/EventObjectCustomizer> (0x00000000ed74bbe8) thrown at [./src/hotspot/share/classfile/systemDictionary.cpp, line 231]
Event: 134.868 Thread 0x000001de8732f800 Exception <a 'java/lang/ClassNotFoundException'{0x00000000ed7545f8}: org/apache/catalina/LifecycleEventCustomizer> (0x00000000ed7545f8) thrown at [./src/hotspot/share/classfile/systemDictionary.cpp, line 231]
Event: 135.603 Thread 0x000001de8ac2c800 Exception <a 'java/io/FileNotFoundException'{0x00000000eb41ecb0}> (0x00000000eb41ecb0) thrown at [./src/hotspot/share/prims/jni.cpp, line 615]

Events (20 events):
Event: 145.639 Executing VM operation: RevokeBias
Event: 145.639 Executing VM operation: RevokeBias done
Event: 145.640 Executing VM operation: RevokeBias
Event: 145.640 Executing VM operation: RevokeBias done
Event: 145.640 Executing VM operation: RevokeBias
Event: 145.641 Executing VM operation: RevokeBias done
Event: 145.641 Executing VM operation: RevokeBias
Event: 145.641 Executing VM operation: RevokeBias done
Event: 145.642 Executing VM operation: RevokeBias
Event: 145.642 Executing VM operation: RevokeBias done
Event: 145.642 Executing VM operation: RevokeBias
Event: 145.642 Executing VM operation: RevokeBias done
Event: 145.643 Executing VM operation: RevokeBias
Event: 145.643 Executing VM operation: RevokeBias done
Event: 145.643 Executing VM operation: RevokeBias
Event: 145.643 Executing VM operation: RevokeBias done
Event: 145.644 Executing VM operation: RevokeBias
Event: 145.644 Executing VM operation: RevokeBias done
Event: 184.802 Thread 0x000001de8732d000 Thread exited: 0x000001de8732d000
Event: 194.578 Thread 0x000001de87335000 Thread exited: 0x000001de87335000


Dynamic libraries:
0x00007ff715210000 - 0x00007ff71521d000 	C:\Users\hanya\.jdks\corretto-11.0.11\bin\java.exe
0x00007ffd76670000 - 0x00007ffd76865000 	C:\WINDOWS\SYSTEM32\ntdll.dll
0x00007ffd76010000 - 0x00007ffd760cd000 	C:\WINDOWS\System32\KERNEL32.DLL
0x00007ffd73f50000 - 0x00007ffd74219000 	C:\WINDOWS\System32\KERNELBASE.dll
0x00007ffd745e0000 - 0x00007ffd746e0000 	C:\WINDOWS\System32\ucrtbase.dll
0x00007ffd4c6f0000 - 0x00007ffd4c707000 	C:\Users\hanya\.jdks\corretto-11.0.11\bin\jli.dll
0x00007ffd41a60000 - 0x00007ffd41a79000 	C:\Users\hanya\.jdks\corretto-11.0.11\bin\VCRUNTIME140.dll
0x00007ffd75c70000 - 0x00007ffd75e10000 	C:\WINDOWS\System32\USER32.dll
0x00007ffd745b0000 - 0x00007ffd745d2000 	C:\WINDOWS\System32\win32u.dll
0x00007ffd4fbe0000 - 0x00007ffd4fe7a000 	C:\WINDOWS\WinSxS\amd64_microsoft.windows.common-controls_6595b64144ccf1df_6.0.19041.1110_none_60b5254171f9507e\COMCTL32.dll
0x00007ffd75680000 - 0x00007ffd756aa000 	C:\WINDOWS\System32\GDI32.dll
0x00007ffd74340000 - 0x00007ffd7444b000 	C:\WINDOWS\System32\gdi32full.dll
0x00007ffd76590000 - 0x00007ffd7662e000 	C:\WINDOWS\System32\msvcrt.dll
0x00007ffd73e00000 - 0x00007ffd73e9d000 	C:\WINDOWS\System32\msvcp_win.dll
0x00007ffd752f0000 - 0x00007ffd75320000 	C:\WINDOWS\System32\IMM32.DLL
0x00007ffd19cb0000 - 0x00007ffd19d4b000 	C:\Users\hanya\.jdks\corretto-11.0.11\bin\msvcp140.dll
0x00007ffcdc580000 - 0x00007ffcdd0cc000 	C:\Users\hanya\.jdks\corretto-11.0.11\bin\server\jvm.dll
0x00007ffd75f60000 - 0x00007ffd7600c000 	C:\WINDOWS\System32\ADVAPI32.dll
0x00007ffd746e0000 - 0x00007ffd7477b000 	C:\WINDOWS\System32\sechost.dll
0x00007ffd75e10000 - 0x00007ffd75f3a000 	C:\WINDOWS\System32\RPCRT4.dll
0x00007ffd74ba0000 - 0x00007ffd74ba8000 	C:\WINDOWS\System32\PSAPI.DLL
0x00007ffd4c970000 - 0x00007ffd4c979000 	C:\WINDOWS\SYSTEM32\WSOCK32.dll
0x00007ffd5ee50000 - 0x00007ffd5ee77000 	C:\WINDOWS\SYSTEM32\WINMM.dll
0x00007ffd75b20000 - 0x00007ffd75b8b000 	C:\WINDOWS\System32\WS2_32.dll
0x00007ffd69e30000 - 0x00007ffd69e3a000 	C:\WINDOWS\SYSTEM32\VERSION.dll
0x00007ffd71cf0000 - 0x00007ffd71d02000 	C:\WINDOWS\SYSTEM32\kernel.appcore.dll
0x00007ffd5e810000 - 0x00007ffd5e820000 	C:\Users\hanya\.jdks\corretto-11.0.11\bin\verify.dll
0x00007ffd71860000 - 0x00007ffd71a44000 	C:\WINDOWS\SYSTEM32\DBGHELP.DLL
0x00007ffd68c30000 - 0x00007ffd68c5c000 	C:\WINDOWS\SYSTEM32\dbgcore.DLL
0x00007ffd74250000 - 0x00007ffd742d3000 	C:\WINDOWS\System32\bcryptPrimitives.dll
0x00007ffd2e650000 - 0x00007ffd2e678000 	C:\Users\hanya\.jdks\corretto-11.0.11\bin\java.dll
0x00007ffd5e120000 - 0x00007ffd5e12a000 	C:\Users\hanya\.jdks\corretto-11.0.11\bin\jimage.dll
0x00007ffd3a840000 - 0x00007ffd3a857000 	C:\Users\hanya\.jdks\corretto-11.0.11\bin\zip.dll
0x00007ffd74bb0000 - 0x00007ffd752ef000 	C:\WINDOWS\System32\SHELL32.dll
0x00007ffd71ea0000 - 0x00007ffd72631000 	C:\WINDOWS\SYSTEM32\windows.storage.dll
0x00007ffd76230000 - 0x00007ffd76585000 	C:\WINDOWS\System32\combase.dll
0x00007ffd73740000 - 0x00007ffd7376c000 	C:\WINDOWS\SYSTEM32\Wldp.dll
0x00007ffd754a0000 - 0x00007ffd7554e000 	C:\WINDOWS\System32\SHCORE.dll
0x00007ffd74780000 - 0x00007ffd747d5000 	C:\WINDOWS\System32\shlwapi.dll
0x00007ffd73cf0000 - 0x00007ffd73d0f000 	C:\WINDOWS\SYSTEM32\profapi.dll
0x00007ffd5fa10000 - 0x00007ffd5fa29000 	C:\Users\hanya\.jdks\corretto-11.0.11\bin\net.dll
0x00007ffd6e700000 - 0x00007ffd6e80a000 	C:\WINDOWS\SYSTEM32\WINHTTP.dll
0x00007ffd73520000 - 0x00007ffd7358a000 	C:\WINDOWS\system32\mswsock.dll
0x00007ffd5f9f0000 - 0x00007ffd5fa02000 	C:\Users\hanya\.jdks\corretto-11.0.11\bin\nio.dll
0x00007ffd21d60000 - 0x00007ffd21d87000 	C:\Users\hanya\.gradle\native\fdc75f09e3144964f2cf3f50f0aa648679c211496f362492102eb8c894070792\windows-amd64\native-platform.dll
0x00007ffcdf5c0000 - 0x00007ffcdf756000 	C:\Users\hanya\.gradle\native\12488b8bf47d2d4c9fbf2f6322a914ad602e24e48041cd04a747c6da556b65c4\windows-amd64\native-platform-file-events.dll
0x00007ffd5f870000 - 0x00007ffd5f879000 	C:\Users\hanya\.jdks\corretto-11.0.11\bin\management.dll
0x00007ffd4d0f0000 - 0x00007ffd4d0fb000 	C:\Users\hanya\.jdks\corretto-11.0.11\bin\management_ext.dll
0x00007ffd73780000 - 0x00007ffd73798000 	C:\WINDOWS\SYSTEM32\CRYPTSP.dll
0x00007ffd72e70000 - 0x00007ffd72ea4000 	C:\WINDOWS\system32\rsaenh.dll
0x00007ffd74220000 - 0x00007ffd74247000 	C:\WINDOWS\System32\bcrypt.dll
0x00007ffd73cb0000 - 0x00007ffd73cde000 	C:\WINDOWS\SYSTEM32\USERENV.dll
0x00007ffd736a0000 - 0x00007ffd736ac000 	C:\WINDOWS\SYSTEM32\CRYPTBASE.dll
0x00007ffd731e0000 - 0x00007ffd7321b000 	C:\WINDOWS\SYSTEM32\IPHLPAPI.DLL
0x00007ffd75f40000 - 0x00007ffd75f48000 	C:\WINDOWS\System32\NSI.dll
0x00007ffd6b9f0000 - 0x00007ffd6ba07000 	C:\WINDOWS\SYSTEM32\dhcpcsvc6.DLL
0x00007ffd6b9d0000 - 0x00007ffd6b9ed000 	C:\WINDOWS\SYSTEM32\dhcpcsvc.DLL
0x00007ffd73230000 - 0x00007ffd732fc000 	C:\WINDOWS\SYSTEM32\DNSAPI.dll
0x00007ffd6e830000 - 0x00007ffd6e83b000 	C:\WINDOWS\SYSTEM32\WINNSI.DLL

dbghelp: loaded successfully - version: 4.0.5 - missing functions: none
symbol engine: initialized successfully - sym options: 0x614 - pdb path: .;C:\Users\hanya\.jdks\corretto-11.0.11\bin;C:\WINDOWS\SYSTEM32;C:\WINDOWS\WinSxS\amd64_microsoft.windows.common-controls_6595b64144ccf1df_6.0.19041.1110_none_60b5254171f9507e;C:\Users\hanya\.jdks\corretto-11.0.11\bin\server;C:\Users\hanya\.gradle\native\fdc75f09e3144964f2cf3f50f0aa648679c211496f362492102eb8c894070792\windows-amd64;C:\Users\hanya\.gradle\native\12488b8bf47d2d4c9fbf2f6322a914ad602e24e48041cd04a747c6da556b65c4\windows-amd64

VM Arguments:
jvm_args: -XX:MaxMetaspaceSize=256m -XX:+HeapDumpOnOutOfMemoryError --add-opens=java.base/java.util=ALL-UNNAMED --add-opens=java.base/java.lang=ALL-UNNAMED --add-opens=java.base/java.lang.invoke=ALL-UNNAMED --add-opens=java.prefs/java.util.prefs=ALL-UNNAMED -Xms256m -Xmx512m -Dfile.encoding=GBK -Duser.country=US -Duser.language=en -Duser.variant 
java_command: org.gradle.launcher.daemon.bootstrap.GradleDaemon 6.8
java_class_path (initial): C:\Users\hanya\.gradle\wrapper\dists\gradle-6.8-bin\1jblhjyydfkclfzx1agp92nyl\gradle-6.8\lib\gradle-launcher-6.8.jar
Launcher Type: SUN_STANDARD

[Global flags]
     intx CICompilerCount                          = 4                                         {product} {ergonomic}
   size_t CompressedClassSpaceSize                 = 260046848                                 {product} {ergonomic}
     uint ConcGCThreads                            = 3                                         {product} {ergonomic}
     uint G1ConcRefinementThreads                  = 10                                        {product} {ergonomic}
   size_t G1HeapRegionSize                         = 1048576                                   {product} {ergonomic}
    uintx GCDrainStackTargetSize                   = 64                                        {product} {ergonomic}
     bool HeapDumpOnOutOfMemoryError               = true                                   {manageable} {command line}
   size_t InitialHeapSize                          = 268435456                                 {product} {command line}
   size_t MarkStackSize                            = 4194304                                   {product} {ergonomic}
   size_t MaxHeapSize                              = 536870912                                 {product} {command line}
   size_t MaxMetaspaceSize                         = 268435456                                 {product} {command line}
   size_t MaxNewSize                               = 321912832                                 {product} {ergonomic}
   size_t MinHeapDeltaBytes                        = 1048576                                   {product} {ergonomic}
    uintx NonNMethodCodeHeapSize                   = 5836300                                {pd product} {ergonomic}
    uintx NonProfiledCodeHeapSize                  = 122910970                              {pd product} {ergonomic}
    uintx ProfiledCodeHeapSize                     = 122910970                              {pd product} {ergonomic}
    uintx ReservedCodeCacheSize                    = 251658240                              {pd product} {ergonomic}
     bool SegmentedCodeCache                       = true                                      {product} {ergonomic}
     bool UseCompressedClassPointers               = true                                 {lp64_product} {ergonomic}
     bool UseCompressedOops                        = true                                 {lp64_product} {ergonomic}
     bool UseG1GC                                  = true                                      {product} {ergonomic}
     bool UseLargePagesIndividualAllocation        = false                                  {pd product} {ergonomic}

Logging:
Log output configuration:
 #0: stdout all=warning uptime,level,tags
 #1: stderr all=off uptime,level,tags

Environment Variables:
JAVA_HOME=C:\Program Files\Java\jdk-14.0.2
CLASSPATH=.;C:\Program Files\Java\jdk-14.0.2\lib\dt.jar;C:\Program Files\Java\jdk-14.0.2\lib\tools.jar
PATH=C:\Program Files\Common Files\Oracle\Java\javapath;C:\Users\hanya\AppData\Local\Programs\Python\Python39\;C:\Users\hanya\AppData\Local\Programs\Python\Python39\Scripts\;C:\Python27\;C:\Python27\Scripts;C:\Program Files\Tecplot\Tecplot 360 EX 2020 R1\bin;C:\Program Files\Microsoft MPI\Bin\;C:\Program Files (x86)\VMware\VMware Workstation\bin\;C:\Program Files\nodejs\;D:\Texlive\texlive\2019\bin\win32;C:\Program Files (x86)\Common Files\Intel\Shared Libraries\redist\intel64\compiler;C:\Windows\system32;C:\Windows;C:\Windows\System32\Wbem;C:\Windows\System32\WindowsPowerShell\v1.0\;C:\Windows\System32\OpenSSH\;C:\Program Files\Intel\WiFi\bin\;C:\Program Files\Common Files\Intel\WirelessCommon\;C:\Program Files (x86)\NVIDIA Corporation\PhysX\Common;C:\Program Files\NVIDIA Corporation\NVIDIA NvDLISR;C:\Program Files (x86)\Calibre2\;C:\Program Files (x86)\Wolfram Research\WolframScript\;D:\SPSS25\JRE\bin;C:\Users\hanya\AppData\Roaming\npm;C:\WINDOWS\system32;C:\WINDOWS;C:\WINDOWS\System32\Wbem;C:\WINDOWS\System32\WindowsPowerShell\v1.0\;C:\WINDOWS\System32\OpenSSH\;C:\Program Files\IDM Computer Solutions\UltraEdit;C:\Program Files (x86)\Common Files\Thunder Network\KanKan\Codecs;C:\Program Files\MATLAB\R2020a\bin;C:\Program Files\Git\cmd;C:\Program Files\Java\jdk-14.0.2\bin;C:\Program Files\Java\jdk-14.0.2\jre\bin;C:\ProgramData\chocolatey\bin;C:\Program Files\CMake\bin;C:\Program Files\Microsoft SQL Server\Client SDK\ODBC\170\Tools\Binn\;C:\Program Files (x86)\Microsoft SQL Server\150\Tools\Binn\;C:\Program Files\Microsoft SQL Server\150\Tools\Binn\;C:\Program Files\Microsoft SQL Server\150\DTS\Binn\;C:\Program Files (x86)\Microsoft SQL Server\150\DTS\Binn\;C:\Program Files\Azure Data Studio\bin;C:\MinGW\bin;C:\dev;C:\dev\freeglut\bin\x64;C:\Users\hanya\AppData\Local\Programs\Python\Python39\Scripts;C:\Users\hanya\AppData\local\scoop\shims;C:\Program Files (x86)\AOMEI\AOMEI Backupper 5.7.0;C:\Program Files (x86)\Windows Kits\8.1\Windows Performance Toolkit\;C:\Program 
USERNAME=hanya
OS=Windows_NT
PROCESSOR_IDENTIFIER=Intel64 Family 6 Model 158 Stepping 10, GenuineIntel



---------------  S Y S T E M  ---------------

OS:Call to GetFileVersionInfoSize failed
OS uptime: 0 days 1:34 hours
Hyper-V role detected

CPU:total 12 (initial active 12) (6 cores per cpu, 2 threads per core) family 6 model 158 stepping 10 microcode 0xde, cmov, cx8, fxsr, mmx, sse, sse2, sse3, ssse3, sse4.1, sse4.2, popcnt, avx, avx2, aes, clmul, erms, 3dnowpref, lzcnt, ht, tsc, tscinvbit, bmi1, bmi2, adx, fma

Memory: 4k page, system-wide physical 32548M (17323M free)
TotalPageFile size 37412M (AvailPageFile size 15085M)
current process WorkingSet (physical memory assigned to process): 479M, peak: 530M
current process commit charge ("private bytes"): 523M, peak: 572M

vm_info: OpenJDK 64-Bit Server VM (11.0.11+9-LTS) for windows-amd64 JRE (11.0.11+9-LTS), built on Apr 14 2021 00:00:20 by "Administrator" with MS VC++ 15.9 (VS2017)

END.
